This file contains any messages produced by compilers while
running configure, to aid debugging if configure makes a mistake.

It was created by ags configure 0.3.16-SNAPSHOT, which was
generated by GNU Autoconf 2.69.  Invocation command line was

  $ ./configure 

## --------- ##
## Platform. ##
## --------- ##

hostname = localhost.localdomain
uname -m = x86_64
uname -r = 3.9.5-301.fc19.x86_64
uname -s = Linux
uname -v = #1 SMP Tue Jun 11 19:39:38 UTC 2013

/usr/bin/uname -p = x86_64
/bin/uname -X     = unknown

/bin/arch              = x86_64
/usr/bin/arch -k       = unknown
/usr/convex/getsysinfo = unknown
/usr/bin/hostinfo      = unknown
/bin/machine           = unknown
/usr/bin/oslevel       = unknown
/bin/universe          = unknown

PATH: /usr/local/bin
PATH: /usr/bin
PATH: /bin
PATH: /usr/local/sbin
PATH: /usr/sbin
PATH: /home/joel/.local/bin
PATH: /home/joel/bin


## ----------- ##
## Core tests. ##
## ----------- ##

configure:2267: checking for a BSD-compatible install
configure:2335: result: /usr/bin/install -c
configure:2346: checking whether build environment is sane
configure:2401: result: yes
configure:2552: checking for a thread-safe mkdir -p
configure:2591: result: /usr/bin/mkdir -p
configure:2598: checking for gawk
configure:2614: found /usr/bin/gawk
configure:2625: result: gawk
configure:2636: checking whether make sets $(MAKE)
configure:2658: result: yes
configure:2687: checking whether make supports nested variables
configure:2704: result: yes
configure:2842: checking for gcc
configure:2858: found /usr/bin/gcc
configure:2869: result: gcc
configure:3098: checking for C compiler version
configure:3107: gcc --version >&5
gcc (GCC) 4.8.1 20130603 (Red Hat 4.8.1-1)
Copyright (C) 2013 Free Software Foundation, Inc.
This is free software; see the source for copying conditions.  There is NO
warranty; not even for MERCHANTABILITY or FITNESS FOR A PARTICULAR PURPOSE.

configure:3118: $? = 0
configure:3107: gcc -v >&5
Using built-in specs.
COLLECT_GCC=gcc
COLLECT_LTO_WRAPPER=/usr/libexec/gcc/x86_64-redhat-linux/4.8.1/lto-wrapper
Target: x86_64-redhat-linux
Configured with: ../configure --prefix=/usr --mandir=/usr/share/man --infodir=/usr/share/info --with-bugurl=http://bugzilla.redhat.com/bugzilla --enable-bootstrap --enable-shared --enable-threads=posix --enable-checking=release --with-system-zlib --enable-__cxa_atexit --disable-libunwind-exceptions --enable-gnu-unique-object --enable-linker-build-id --with-linker-hash-style=gnu --enable-languages=c,c++,objc,obj-c++,java,fortran,ada,go,lto --enable-plugin --enable-initfini-array --enable-java-awt=gtk --disable-dssi --with-java-home=/usr/lib/jvm/java-1.5.0-gcj-1.5.0.0/jre --enable-libgcj-multifile --enable-java-maintainer-mode --with-ecj-jar=/usr/share/java/eclipse-ecj.jar --disable-libjava-multilib --with-isl=/builddir/build/BUILD/gcc-4.8.1-20130603/obj-x86_64-redhat-linux/isl-install --with-cloog=/builddir/build/BUILD/gcc-4.8.1-20130603/obj-x86_64-redhat-linux/cloog-install --with-tune=generic --with-arch_32=i686 --build=x86_64-redhat-linux
Thread model: posix
gcc version 4.8.1 20130603 (Red Hat 4.8.1-1) (GCC) 
configure:3118: $? = 0
configure:3107: gcc -V >&5
gcc: error: unrecognized command line option '-V'
gcc: fatal error: no input files
compilation terminated.
configure:3118: $? = 4
configure:3107: gcc -qversion >&5
gcc: error: unrecognized command line option '-qversion'
gcc: fatal error: no input files
compilation terminated.
configure:3118: $? = 4
configure:3138: checking whether the C compiler works
configure:3160: gcc    conftest.c  >&5
configure:3164: $? = 0
configure:3212: result: yes
configure:3215: checking for C compiler default output file name
configure:3217: result: a.out
configure:3223: checking for suffix of executables
configure:3230: gcc -o conftest    conftest.c  >&5
configure:3234: $? = 0
configure:3256: result: 
configure:3278: checking whether we are cross compiling
configure:3286: gcc -o conftest    conftest.c  >&5
configure:3290: $? = 0
configure:3297: ./conftest
configure:3301: $? = 0
configure:3316: result: no
configure:3321: checking for suffix of object files
configure:3343: gcc -c   conftest.c >&5
configure:3347: $? = 0
configure:3368: result: o
configure:3372: checking whether we are using the GNU C compiler
configure:3391: gcc -c   conftest.c >&5
configure:3391: $? = 0
configure:3400: result: yes
configure:3409: checking whether gcc accepts -g
configure:3429: gcc -c -g  conftest.c >&5
configure:3429: $? = 0
configure:3470: result: yes
configure:3487: checking for gcc option to accept ISO C89
configure:3550: gcc  -c -g -O2  conftest.c >&5
configure:3550: $? = 0
configure:3563: result: none needed
configure:3594: checking for style of include used by make
configure:3622: result: GNU
configure:3648: checking dependency style of gcc
configure:3759: result: gcc3
configure:3778: checking for main in -ldl
configure:3797: gcc -o conftest -g -O2   conftest.c -ldl   >&5
configure:3797: $? = 0
configure:3806: result: yes
configure:3818: checking for main in -lfontconfig
configure:3837: gcc -o conftest -g -O2   conftest.c -lfontconfig  -ldl  >&5
configure:3837: $? = 0
configure:3846: result: yes
configure:3858: checking for main in -lfreetype
configure:3877: gcc -o conftest -g -O2   conftest.c -lfreetype  -lfontconfig -ldl  >&5
configure:3877: $? = 0
configure:3886: result: yes
configure:3898: checking for main in -lm
configure:3917: gcc -o conftest -g -O2   conftest.c -lm  -lfreetype -lfontconfig -ldl  >&5
configure:3917: $? = 0
configure:3926: result: yes
configure:3938: checking for main in -lrt
configure:3957: gcc -o conftest -g -O2   conftest.c -lrt  -lm -lfreetype -lfontconfig -ldl  >&5
configure:3957: $? = 0
configure:3966: result: yes
configure:4033: checking for pkg-config
configure:4051: found /usr/bin/pkg-config
configure:4063: result: /usr/bin/pkg-config
configure:4088: checking pkg-config is at least version 0.9.0
configure:4091: result: yes
configure:4101: checking for LIBASOUND2
configure:4108: $PKG_CONFIG --exists --print-errors "alsa >= 1.0.25"
configure:4111: $? = 0
configure:4125: $PKG_CONFIG --exists --print-errors "alsa >= 1.0.25"
configure:4128: $? = 0
configure:4186: result: yes
configure:4195: checking for LIBAO
configure:4202: $PKG_CONFIG --exists --print-errors "ao >= 1.1.0"
configure:4205: $? = 0
configure:4219: $PKG_CONFIG --exists --print-errors "ao >= 1.1.0"
configure:4222: $? = 0
configure:4280: result: yes
configure:4289: checking for LIBXML2
configure:4296: $PKG_CONFIG --exists --print-errors "libxml-2.0 >= 2.8.0"
configure:4299: $? = 0
configure:4313: $PKG_CONFIG --exists --print-errors "libxml-2.0 >= 2.8.0"
configure:4316: $? = 0
configure:4374: result: yes
configure:4383: checking for SNDFILE
configure:4390: $PKG_CONFIG --exists --print-errors "sndfile >= 1.0.25"
configure:4393: $? = 0
configure:4407: $PKG_CONFIG --exists --print-errors "sndfile >= 1.0.25"
configure:4410: $? = 0
configure:4468: result: yes
configure:4477: checking for LIBINSTPATCH
configure:4484: $PKG_CONFIG --exists --print-errors "libinstpatch-1.0 >= 1.0"
configure:4487: $? = 0
configure:4501: $PKG_CONFIG --exists --print-errors "libinstpatch-1.0 >= 1.0"
configure:4504: $? = 0
configure:4562: result: yes
configure:4571: checking for GOBJECT
configure:4578: $PKG_CONFIG --exists --print-errors "gobject-2.0 >= 2.32.3 glib-2.0 >= 2.32.3 gmodule-2.0 >= 2.32.3 gthread-2.0 >= 2.32.3"
configure:4581: $? = 0
configure:4595: $PKG_CONFIG --exists --print-errors "gobject-2.0 >= 2.32.3 glib-2.0 >= 2.32.3 gmodule-2.0 >= 2.32.3 gthread-2.0 >= 2.32.3"
configure:4598: $? = 0
configure:4656: result: yes
configure:4665: checking for GDKPIXBUF
configure:4672: $PKG_CONFIG --exists --print-errors "gdk-pixbuf-xlib-2.0 >= 2.26.1"
configure:4675: $? = 0
configure:4689: $PKG_CONFIG --exists --print-errors "gdk-pixbuf-xlib-2.0 >= 2.26.1"
configure:4692: $? = 0
configure:4750: result: yes
configure:4759: checking for CAIRO
configure:4766: $PKG_CONFIG --exists --print-errors "cairo >= 1.12.0"
configure:4769: $? = 0
configure:4783: $PKG_CONFIG --exists --print-errors "cairo >= 1.12.0"
configure:4786: $? = 0
configure:4844: result: yes
configure:4853: checking for GTK
configure:4860: $PKG_CONFIG --exists --print-errors "gtk+-2.0 >= 2.24.10"
configure:4863: $? = 0
configure:4877: $PKG_CONFIG --exists --print-errors "gtk+-2.0 >= 2.24.10"
configure:4880: $? = 0
configure:4938: result: yes
configure:4951: checking how to run the C preprocessor
configure:4982: gcc -E  conftest.c
configure:4982: $? = 0
configure:4996: gcc -E  conftest.c
conftest.c:16:28: fatal error: ac_nonexistent.h: No such file or directory
 #include <ac_nonexistent.h>
                            ^
compilation terminated.
configure:4996: $? = 1
configure: failed program was:
| /* confdefs.h */
| #define PACKAGE_NAME "ags"
| #define PACKAGE_TARNAME "ags"
| #define PACKAGE_VERSION "0.3.16-SNAPSHOT"
| #define PACKAGE_STRING "ags 0.3.16-SNAPSHOT"
| #define PACKAGE_BUGREPORT "joel@weedlight.ch"
| #define PACKAGE_URL ""
| #define PACKAGE "ags"
| #define VERSION "0.3.16-SNAPSHOT"
| #define HAVE_LIBDL 1
| #define HAVE_LIBFONTCONFIG 1
| #define HAVE_LIBFREETYPE 1
| #define HAVE_LIBM 1
| #define HAVE_LIBRT 1
| /* end confdefs.h.  */
| #include <ac_nonexistent.h>
configure:5021: result: gcc -E
configure:5041: gcc -E  conftest.c
configure:5041: $? = 0
configure:5055: gcc -E  conftest.c
conftest.c:16:28: fatal error: ac_nonexistent.h: No such file or directory
 #include <ac_nonexistent.h>
                            ^
compilation terminated.
configure:5055: $? = 1
configure: failed program was:
| /* confdefs.h */
| #define PACKAGE_NAME "ags"
| #define PACKAGE_TARNAME "ags"
| #define PACKAGE_VERSION "0.3.16-SNAPSHOT"
| #define PACKAGE_STRING "ags 0.3.16-SNAPSHOT"
| #define PACKAGE_BUGREPORT "joel@weedlight.ch"
| #define PACKAGE_URL ""
| #define PACKAGE "ags"
| #define VERSION "0.3.16-SNAPSHOT"
| #define HAVE_LIBDL 1
| #define HAVE_LIBFONTCONFIG 1
| #define HAVE_LIBFREETYPE 1
| #define HAVE_LIBM 1
| #define HAVE_LIBRT 1
| /* end confdefs.h.  */
| #include <ac_nonexistent.h>
configure:5084: checking for grep that handles long lines and -e
configure:5142: result: /usr/bin/grep
configure:5147: checking for egrep
configure:5209: result: /usr/bin/grep -E
configure:5214: checking for ANSI C header files
configure:5234: gcc -c -g -O2  conftest.c >&5
configure:5234: $? = 0
configure:5307: gcc -o conftest -g -O2   conftest.c -lrt -lm -lfreetype -lfontconfig -ldl  >&5
configure:5307: $? = 0
configure:5307: ./conftest
configure:5307: $? = 0
configure:5318: result: yes
configure:5331: checking for sys/types.h
configure:5331: gcc -c -g -O2  conftest.c >&5
configure:5331: $? = 0
configure:5331: result: yes
configure:5331: checking for sys/stat.h
configure:5331: gcc -c -g -O2  conftest.c >&5
configure:5331: $? = 0
configure:5331: result: yes
configure:5331: checking for stdlib.h
configure:5331: gcc -c -g -O2  conftest.c >&5
configure:5331: $? = 0
configure:5331: result: yes
configure:5331: checking for string.h
configure:5331: gcc -c -g -O2  conftest.c >&5
configure:5331: $? = 0
configure:5331: result: yes
configure:5331: checking for memory.h
configure:5331: gcc -c -g -O2  conftest.c >&5
configure:5331: $? = 0
configure:5331: result: yes
configure:5331: checking for strings.h
configure:5331: gcc -c -g -O2  conftest.c >&5
configure:5331: $? = 0
configure:5331: result: yes
configure:5331: checking for inttypes.h
configure:5331: gcc -c -g -O2  conftest.c >&5
configure:5331: $? = 0
configure:5331: result: yes
configure:5331: checking for stdint.h
configure:5331: gcc -c -g -O2  conftest.c >&5
configure:5331: $? = 0
configure:5331: result: yes
configure:5331: checking for unistd.h
configure:5331: gcc -c -g -O2  conftest.c >&5
configure:5331: $? = 0
configure:5331: result: yes
configure:5346: checking fcntl.h usability
configure:5346: gcc -c -g -O2  conftest.c >&5
configure:5346: $? = 0
configure:5346: result: yes
configure:5346: checking fcntl.h presence
configure:5346: gcc -E  conftest.c
configure:5346: $? = 0
configure:5346: result: yes
configure:5346: checking for fcntl.h
configure:5346: result: yes
configure:5346: checking for stdlib.h
configure:5346: result: yes
configure:5346: checking for string.h
configure:5346: result: yes
configure:5346: checking sys/ioctl.h usability
configure:5346: gcc -c -g -O2  conftest.c >&5
configure:5346: $? = 0
configure:5346: result: yes
configure:5346: checking sys/ioctl.h presence
configure:5346: gcc -E  conftest.c
configure:5346: $? = 0
configure:5346: result: yes
configure:5346: checking for sys/ioctl.h
configure:5346: result: yes
configure:5346: checking for unistd.h
configure:5346: result: yes
configure:5362: checking for stdlib.h
configure:5362: result: yes
configure:5372: checking for GNU libc compatible malloc
configure:5396: gcc -o conftest -g -O2   conftest.c -lrt -lm -lfreetype -lfontconfig -ldl  >&5
configure:5396: $? = 0
configure:5396: ./conftest
configure:5396: $? = 0
configure:5406: result: yes
configure:5429: checking for stdlib.h
configure:5429: result: yes
configure:5439: checking for GNU libc compatible realloc
configure:5463: gcc -o conftest -g -O2   conftest.c -lrt -lm -lfreetype -lfontconfig -ldl  >&5
configure:5463: $? = 0
configure:5463: ./conftest
configure:5463: $? = 0
configure:5473: result: yes
configure:5497: checking for clock_gettime
configure:5497: gcc -o conftest -g -O2   conftest.c -lrt -lm -lfreetype -lfontconfig -ldl  >&5
configure:5497: $? = 0
configure:5497: result: yes
configure:5497: checking for floor
configure:5497: gcc -o conftest -g -O2   conftest.c -lrt -lm -lfreetype -lfontconfig -ldl  >&5
conftest.c:59:6: warning: conflicting types for built-in function 'floor' [enabled by default]
 char floor ();
      ^
configure:5497: $? = 0
configure:5497: result: yes
configure:5497: checking for memset
configure:5497: gcc -o conftest -g -O2   conftest.c -lrt -lm -lfreetype -lfontconfig -ldl  >&5
conftest.c:60:6: warning: conflicting types for built-in function 'memset' [enabled by default]
 char memset ();
      ^
configure:5497: $? = 0
configure:5497: result: yes
configure:5497: checking for strtol
configure:5497: gcc -o conftest -g -O2   conftest.c -lrt -lm -lfreetype -lfontconfig -ldl  >&5
configure:5497: $? = 0
configure:5497: result: yes
configure:5497: checking for strtoul
configure:5497: gcc -o conftest -g -O2   conftest.c -lrt -lm -lfreetype -lfontconfig -ldl  >&5
configure:5497: $? = 0
configure:5497: result: yes
configure:5618: checking that generated files are newer than configure
configure:5624: result: done
configure:5647: creating ./config.status

## ---------------------- ##
## Running config.status. ##
## ---------------------- ##

This file was extended by ags config.status 0.3.16-SNAPSHOT, which was
generated by GNU Autoconf 2.69.  Invocation command line was

  CONFIG_FILES    = 
  CONFIG_HEADERS  = 
  CONFIG_LINKS    = 
  CONFIG_COMMANDS = 
  $ ./config.status 

on localhost.localdomain

config.status:896: creating Makefile
config.status:896: creating config.h
config.status:1125: executing depfiles commands

## ---------------- ##
## Cache variables. ##
## ---------------- ##

ac_cv_c_compiler_gnu=yes
ac_cv_env_CAIRO_CFLAGS_set=
ac_cv_env_CAIRO_CFLAGS_value=
ac_cv_env_CAIRO_LIBS_set=
ac_cv_env_CAIRO_LIBS_value=
ac_cv_env_CC_set=
ac_cv_env_CC_value=
ac_cv_env_CFLAGS_set=
ac_cv_env_CFLAGS_value=
ac_cv_env_CPPFLAGS_set=
ac_cv_env_CPPFLAGS_value=
ac_cv_env_CPP_set=
ac_cv_env_CPP_value=
ac_cv_env_GDKPIXBUF_CFLAGS_set=
ac_cv_env_GDKPIXBUF_CFLAGS_value=
ac_cv_env_GDKPIXBUF_LIBS_set=
ac_cv_env_GDKPIXBUF_LIBS_value=
ac_cv_env_GOBJECT_CFLAGS_set=
ac_cv_env_GOBJECT_CFLAGS_value=
ac_cv_env_GOBJECT_LIBS_set=
ac_cv_env_GOBJECT_LIBS_value=
ac_cv_env_GTK_CFLAGS_set=
ac_cv_env_GTK_CFLAGS_value=
ac_cv_env_GTK_LIBS_set=
ac_cv_env_GTK_LIBS_value=
ac_cv_env_LDFLAGS_set=
ac_cv_env_LDFLAGS_value=
ac_cv_env_LIBAO_CFLAGS_set=
ac_cv_env_LIBAO_CFLAGS_value=
ac_cv_env_LIBAO_LIBS_set=
ac_cv_env_LIBAO_LIBS_value=
ac_cv_env_LIBASOUND2_CFLAGS_set=
ac_cv_env_LIBASOUND2_CFLAGS_value=
ac_cv_env_LIBASOUND2_LIBS_set=
ac_cv_env_LIBASOUND2_LIBS_value=
ac_cv_env_LIBINSTPATCH_CFLAGS_set=
ac_cv_env_LIBINSTPATCH_CFLAGS_value=
ac_cv_env_LIBINSTPATCH_LIBS_set=
ac_cv_env_LIBINSTPATCH_LIBS_value=
ac_cv_env_LIBS_set=
ac_cv_env_LIBS_value=
ac_cv_env_LIBXML2_CFLAGS_set=
ac_cv_env_LIBXML2_CFLAGS_value=
ac_cv_env_LIBXML2_LIBS_set=
ac_cv_env_LIBXML2_LIBS_value=
ac_cv_env_PKG_CONFIG_LIBDIR_set=
ac_cv_env_PKG_CONFIG_LIBDIR_value=
ac_cv_env_PKG_CONFIG_PATH_set=
ac_cv_env_PKG_CONFIG_PATH_value=
ac_cv_env_PKG_CONFIG_set=
ac_cv_env_PKG_CONFIG_value=
ac_cv_env_SNDFILE_CFLAGS_set=
ac_cv_env_SNDFILE_CFLAGS_value=
ac_cv_env_SNDFILE_LIBS_set=
ac_cv_env_SNDFILE_LIBS_value=
ac_cv_env_build_alias_set=
ac_cv_env_build_alias_value=
ac_cv_env_host_alias_set=
ac_cv_env_host_alias_value=
ac_cv_env_target_alias_set=
ac_cv_env_target_alias_value=
ac_cv_func_clock_gettime=yes
ac_cv_func_floor=yes
ac_cv_func_malloc_0_nonnull=yes
ac_cv_func_memset=yes
ac_cv_func_realloc_0_nonnull=yes
ac_cv_func_strtol=yes
ac_cv_func_strtoul=yes
ac_cv_header_fcntl_h=yes
ac_cv_header_inttypes_h=yes
ac_cv_header_memory_h=yes
ac_cv_header_stdc=yes
ac_cv_header_stdint_h=yes
ac_cv_header_stdlib_h=yes
ac_cv_header_string_h=yes
ac_cv_header_strings_h=yes
ac_cv_header_sys_ioctl_h=yes
ac_cv_header_sys_stat_h=yes
ac_cv_header_sys_types_h=yes
ac_cv_header_unistd_h=yes
ac_cv_lib_dl_main=yes
ac_cv_lib_fontconfig_main=yes
ac_cv_lib_freetype_main=yes
ac_cv_lib_m_main=yes
ac_cv_lib_rt_main=yes
ac_cv_objext=o
ac_cv_path_EGREP='/usr/bin/grep -E'
ac_cv_path_GREP=/usr/bin/grep
ac_cv_path_ac_pt_PKG_CONFIG=/usr/bin/pkg-config
ac_cv_path_install='/usr/bin/install -c'
ac_cv_path_mkdir=/usr/bin/mkdir
ac_cv_prog_AWK=gawk
ac_cv_prog_CPP='gcc -E'
ac_cv_prog_ac_ct_CC=gcc
ac_cv_prog_cc_c89=
ac_cv_prog_cc_g=yes
ac_cv_prog_make_make_set=yes
am_cv_CC_dependencies_compiler_type=gcc3
am_cv_make_support_nested_variables=yes
pkg_cv_CAIRO_CFLAGS='-I/usr/include/cairo -I/usr/include/glib-2.0 -I/usr/lib64/glib-2.0/include -I/usr/include/pixman-1 -I/usr/include/freetype2 -I/usr/include/libpng15 -I/usr/include/libdrm  '
pkg_cv_CAIRO_LIBS='-lcairo  '
pkg_cv_GDKPIXBUF_CFLAGS='-pthread -I/usr/include/gdk-pixbuf-2.0 -I/usr/include/glib-2.0 -I/usr/lib64/glib-2.0/include -I/usr/include/libpng15  '
pkg_cv_GDKPIXBUF_LIBS='-pthread -lgdk_pixbuf_xlib-2.0 -lgmodule-2.0 -lgdk_pixbuf-2.0 -lgobject-2.0 -lglib-2.0  '
pkg_cv_GOBJECT_CFLAGS='-pthread -I/usr/include/glib-2.0 -I/usr/lib64/glib-2.0/include  '
pkg_cv_GOBJECT_LIBS='-Wl,--export-dynamic -pthread -lgobject-2.0 -lgmodule-2.0 -lgthread-2.0 -lglib-2.0  '
pkg_cv_GTK_CFLAGS='-pthread -I/usr/include/gtk-2.0 -I/usr/lib64/gtk-2.0/include -I/usr/include/atk-1.0 -I/usr/include/cairo -I/usr/include/gdk-pixbuf-2.0 -I/usr/include/pango-1.0 -I/usr/include/glib-2.0 -I/usr/lib64/glib-2.0/include -I/usr/include/pixman-1 -I/usr/include/freetype2 -I/usr/include/libpng15 -I/usr/include/libdrm -I/usr/include/harfbuzz  '
pkg_cv_GTK_LIBS='-lgtk-x11-2.0 -lgdk-x11-2.0 -latk-1.0 -lgio-2.0 -lpangoft2-1.0 -lpangocairo-1.0 -lgdk_pixbuf-2.0 -lcairo -lpango-1.0 -lfreetype -lfontconfig -lgobject-2.0 -lglib-2.0  '
pkg_cv_LIBAO_CFLAGS=' '
pkg_cv_LIBAO_LIBS='-lao  '
pkg_cv_LIBASOUND2_CFLAGS='-I/usr/include/alsa  '
pkg_cv_LIBASOUND2_LIBS='-lasound  '
pkg_cv_LIBINSTPATCH_CFLAGS='-I/usr/include/libinstpatch-1.0 -I/usr/include/glib-2.0 -I/usr/lib64/glib-2.0/include  '
pkg_cv_LIBINSTPATCH_LIBS='-linstpatch-1.0 -lgobject-2.0 -lsndfile -lglib-2.0  '
pkg_cv_LIBXML2_CFLAGS='-I/usr/include/libxml2  '
pkg_cv_LIBXML2_LIBS='-lxml2  '
pkg_cv_SNDFILE_CFLAGS=' '
pkg_cv_SNDFILE_LIBS='-lsndfile  '

## ----------------- ##
## Output variables. ##
## ----------------- ##

ACLOCAL='${SHELL} /home/joel/ags-code/missing aclocal-1.13'
AMDEPBACKSLASH='\'
AMDEP_FALSE='#'
AMDEP_TRUE=''
AMTAR='$${TAR-tar}'
AM_BACKSLASH='\'
AM_DEFAULT_V='$(AM_DEFAULT_VERBOSITY)'
AM_DEFAULT_VERBOSITY='1'
AM_V='$(V)'
AUTOCONF='${SHELL} /home/joel/ags-code/missing autoconf'
AUTOHEADER='${SHELL} /home/joel/ags-code/missing autoheader'
AUTOMAKE='${SHELL} /home/joel/ags-code/missing automake-1.13'
AWK='gawk'
CAIRO_CFLAGS='-I/usr/include/cairo -I/usr/include/glib-2.0 -I/usr/lib64/glib-2.0/include -I/usr/include/pixman-1 -I/usr/include/freetype2 -I/usr/include/libpng15 -I/usr/include/libdrm  '
CAIRO_LIBS='-lcairo  '
CC='gcc'
CCDEPMODE='depmode=gcc3'
CFLAGS='-g -O2'
CPP='gcc -E'
CPPFLAGS=''
CYGPATH_W='echo'
DEFS='-DHAVE_CONFIG_H'
DEPDIR='.deps'
ECHO_C=''
ECHO_N='-n'
ECHO_T=''
EGREP='/usr/bin/grep -E'
EXEEXT=''
GDKPIXBUF_CFLAGS='-pthread -I/usr/include/gdk-pixbuf-2.0 -I/usr/include/glib-2.0 -I/usr/lib64/glib-2.0/include -I/usr/include/libpng15  '
GDKPIXBUF_LIBS='-pthread -lgdk_pixbuf_xlib-2.0 -lgmodule-2.0 -lgdk_pixbuf-2.0 -lgobject-2.0 -lglib-2.0  '
GOBJECT_CFLAGS='-pthread -I/usr/include/glib-2.0 -I/usr/lib64/glib-2.0/include  '
GOBJECT_LIBS='-Wl,--export-dynamic -pthread -lgobject-2.0 -lgmodule-2.0 -lgthread-2.0 -lglib-2.0  '
GREP='/usr/bin/grep'
GTK_CFLAGS='-pthread -I/usr/include/gtk-2.0 -I/usr/lib64/gtk-2.0/include -I/usr/include/atk-1.0 -I/usr/include/cairo -I/usr/include/gdk-pixbuf-2.0 -I/usr/include/pango-1.0 -I/usr/include/glib-2.0 -I/usr/lib64/glib-2.0/include -I/usr/include/pixman-1 -I/usr/include/freetype2 -I/usr/include/libpng15 -I/usr/include/libdrm -I/usr/include/harfbuzz  '
GTK_LIBS='-lgtk-x11-2.0 -lgdk-x11-2.0 -latk-1.0 -lgio-2.0 -lpangoft2-1.0 -lpangocairo-1.0 -lgdk_pixbuf-2.0 -lcairo -lpango-1.0 -lfreetype -lfontconfig -lgobject-2.0 -lglib-2.0  '
INSTALL_DATA='${INSTALL} -m 644'
INSTALL_PROGRAM='${INSTALL}'
INSTALL_SCRIPT='${INSTALL}'
INSTALL_STRIP_PROGRAM='$(install_sh) -c -s'
LDFLAGS=''
LIBAO_CFLAGS=' '
LIBAO_LIBS='-lao  '
LIBASOUND2_CFLAGS='-I/usr/include/alsa  '
LIBASOUND2_LIBS='-lasound  '
LIBINSTPATCH_CFLAGS='-I/usr/include/libinstpatch-1.0 -I/usr/include/glib-2.0 -I/usr/lib64/glib-2.0/include  '
LIBINSTPATCH_LIBS='-linstpatch-1.0 -lgobject-2.0 -lsndfile -lglib-2.0  '
LIBOBJS=''
LIBS='-lrt -lm -lfreetype -lfontconfig -ldl '
LIBXML2_CFLAGS='-I/usr/include/libxml2  '
LIBXML2_LIBS='-lxml2  '
LTLIBOBJS=''
MAKEINFO='${SHELL} /home/joel/ags-code/missing makeinfo'
MKDIR_P='/usr/bin/mkdir -p'
OBJEXT='o'
PACKAGE='ags'
PACKAGE_BUGREPORT='joel@weedlight.ch'
PACKAGE_NAME='ags'
PACKAGE_STRING='ags 0.3.16-SNAPSHOT'
PACKAGE_TARNAME='ags'
PACKAGE_URL=''
PACKAGE_VERSION='0.3.16-SNAPSHOT'
PATH_SEPARATOR=':'
PKG_CONFIG='/usr/bin/pkg-config'
PKG_CONFIG_LIBDIR=''
PKG_CONFIG_PATH=''
SET_MAKE=''
SHELL='/bin/sh'
SNDFILE_CFLAGS=' '
SNDFILE_LIBS='-lsndfile  '
STRIP=''
VERSION='0.3.16-SNAPSHOT'
ac_ct_CC='gcc'
am__EXEEXT_FALSE=''
am__EXEEXT_TRUE='#'
am__fastdepCC_FALSE='#'
am__fastdepCC_TRUE=''
am__include='include'
am__isrc=''
am__leading_dot='.'
am__nodep='_no'
am__quote=''
am__tar='$${TAR-tar} chof - "$$tardir"'
am__untar='$${TAR-tar} xf -'
bindir='${exec_prefix}/bin'
build_alias=''
datadir='${datarootdir}'
datarootdir='${prefix}/share'
docdir='${datarootdir}/doc/${PACKAGE_TARNAME}'
dvidir='${docdir}'
exec_prefix='${prefix}'
host_alias=''
htmldir='${docdir}'
includedir='${prefix}/include'
infodir='${datarootdir}/info'
install_sh='${SHELL} /home/joel/ags-code/install-sh'
libdir='${exec_prefix}/lib'
libexecdir='${exec_prefix}/libexec'
localedir='${datarootdir}/locale'
localstatedir='${prefix}/var'
mandir='${datarootdir}/man'
mkdir_p='$(MKDIR_P)'
oldincludedir='/usr/include'
pdfdir='${docdir}'
prefix='/usr/local'
program_transform_name='s,x,x,'
psdir='${docdir}'
sbindir='${exec_prefix}/sbin'
sharedstatedir='${prefix}/com'
sysconfdir='${prefix}/etc'
target_alias=''

## ----------- ##
## confdefs.h. ##
## ----------- ##

/* confdefs.h */
#define PACKAGE_NAME "ags"
#define PACKAGE_TARNAME "ags"
#define PACKAGE_VERSION "0.3.16-SNAPSHOT"
#define PACKAGE_STRING "ags 0.3.16-SNAPSHOT"
#define PACKAGE_BUGREPORT "joel@weedlight.ch"
#define PACKAGE_URL ""
#define PACKAGE "ags"
#define VERSION "0.3.16-SNAPSHOT"
#define HAVE_LIBDL 1
#define HAVE_LIBFONTCONFIG 1
#define HAVE_LIBFREETYPE 1
#define HAVE_LIBM 1
#define HAVE_LIBRT 1
#define STDC_HEADERS 1
#define HAVE_SYS_TYPES_H 1
#define HAVE_SYS_STAT_H 1
#define HAVE_STDLIB_H 1
#define HAVE_STRING_H 1
#define HAVE_MEMORY_H 1
#define HAVE_STRINGS_H 1
#define HAVE_INTTYPES_H 1
#define HAVE_STDINT_H 1
#define HAVE_UNISTD_H 1
#define HAVE_FCNTL_H 1
#define HAVE_STDLIB_H 1
#define HAVE_STRING_H 1
#define HAVE_SYS_IOCTL_H 1
#define HAVE_UNISTD_H 1
#define HAVE_STDLIB_H 1
#define HAVE_MALLOC 1
#define HAVE_STDLIB_H 1
#define HAVE_REALLOC 1
#define HAVE_CLOCK_GETTIME 1
#define HAVE_FLOOR 1
#define HAVE_MEMSET 1
#define HAVE_STRTOL 1
#define HAVE_STRTOUL 1

configure: exit 0
