This file contains any messages produced by compilers while
running configure, to aid debugging if configure makes a mistake.

It was created by ags configure 0.4.2, which was
generated by GNU Autoconf 2.69.  Invocation command line was

  $ ./configure 

## --------- ##
## Platform. ##
## --------- ##

hostname = linux-opcl.site
uname -m = x86_64
uname -r = 3.12.28-4-default
uname -s = Linux
uname -v = #1 SMP Thu Sep 25 17:02:34 UTC 2014 (9879bd4)

/usr/bin/uname -p = x86_64
/bin/uname -X     = unknown

/bin/arch              = x86_64
/usr/bin/arch -k       = unknown
/usr/convex/getsysinfo = unknown
/usr/bin/hostinfo      = unknown
/bin/machine           = unknown
/usr/bin/oslevel       = unknown
/bin/universe          = unknown

PATH: /home/joelkraehemann/bin
PATH: /usr/local/bin
PATH: /usr/bin
PATH: /bin
PATH: /usr/bin/X11
PATH: /usr/games


## ----------- ##
## Core tests. ##
## ----------- ##

configure:2776: checking for a BSD-compatible install
configure:2844: result: /usr/bin/install -c
configure:2855: checking whether build environment is sane
configure:2910: result: yes
configure:2948: WARNING: 'missing' script is too old or missing
configure:3061: checking for a thread-safe mkdir -p
configure:3100: result: /usr/bin/mkdir -p
configure:3107: checking for gawk
configure:3123: found /usr/bin/gawk
configure:3134: result: gawk
configure:3145: checking whether make sets $(MAKE)
configure:3167: result: yes
configure:3196: checking whether make supports nested variables
configure:3213: result: yes
configure:3401: checking for g++
configure:3417: found /usr/bin/g++
configure:3428: result: g++
configure:3455: checking for C++ compiler version
configure:3464: g++ --version >&5
g++ (SUSE Linux) 4.8.3 20140627 [gcc-4_8-branch revision 212064]
Copyright (C) 2013 Free Software Foundation, Inc.
This is free software; see the source for copying conditions.  There is NO
warranty; not even for MERCHANTABILITY or FITNESS FOR A PARTICULAR PURPOSE.

configure:3475: $? = 0
configure:3464: g++ -v >&5
Using built-in specs.
COLLECT_GCC=g++
COLLECT_LTO_WRAPPER=/usr/lib64/gcc/x86_64-suse-linux/4.8/lto-wrapper
Target: x86_64-suse-linux
Configured with: ../configure --prefix=/usr --infodir=/usr/share/info --mandir=/usr/share/man --libdir=/usr/lib64 --libexecdir=/usr/lib64 --enable-languages=c,c++,objc,fortran,obj-c++,java,ada --enable-checking=release --with-gxx-include-dir=/usr/include/c++/4.8 --enable-ssp --disable-libssp --disable-plugin --with-bugurl=http://bugs.opensuse.org/ --with-pkgversion='SUSE Linux' --disable-libgcj --disable-libmudflap --with-slibdir=/lib64 --with-system-zlib --enable-__cxa_atexit --enable-libstdcxx-allocator=new --disable-libstdcxx-pch --enable-version-specific-runtime-libs --enable-linker-build-id --enable-linux-futex --program-suffix=-4.8 --without-system-libunwind --with-arch-32=i586 --with-tune=generic --build=x86_64-suse-linux --host=x86_64-suse-linux
Thread model: posix
gcc version 4.8.3 20140627 [gcc-4_8-branch revision 212064] (SUSE Linux) 
configure:3475: $? = 0
configure:3464: g++ -V >&5
g++: error: unrecognized command line option '-V'
g++: fatal error: no input files
compilation terminated.
configure:3475: $? = 1
configure:3464: g++ -qversion >&5
g++: error: unrecognized command line option '-qversion'
g++: fatal error: no input files
compilation terminated.
configure:3475: $? = 1
configure:3495: checking whether the C++ compiler works
configure:3517: g++    conftest.cpp  >&5
configure:3521: $? = 0
configure:3569: result: yes
configure:3572: checking for C++ compiler default output file name
configure:3574: result: a.out
configure:3580: checking for suffix of executables
configure:3587: g++ -o conftest    conftest.cpp  >&5
configure:3591: $? = 0
configure:3613: result: 
configure:3635: checking whether we are cross compiling
configure:3643: g++ -o conftest    conftest.cpp  >&5
configure:3647: $? = 0
configure:3654: ./conftest
configure:3658: $? = 0
configure:3673: result: no
configure:3678: checking for suffix of object files
configure:3700: g++ -c   conftest.cpp >&5
configure:3704: $? = 0
configure:3725: result: o
configure:3729: checking whether we are using the GNU C++ compiler
configure:3748: g++ -c   conftest.cpp >&5
configure:3748: $? = 0
configure:3757: result: yes
configure:3766: checking whether g++ accepts -g
configure:3786: g++ -c -g  conftest.cpp >&5
configure:3786: $? = 0
configure:3827: result: yes
configure:3861: checking for style of include used by make
configure:3889: result: GNU
configure:3915: checking dependency style of g++
configure:4026: result: gcc3
configure:4045: checking for gawk
configure:4072: result: gawk
configure:4131: checking for gcc
configure:4147: found /usr/bin/gcc
configure:4158: result: gcc
configure:4387: checking for C compiler version
configure:4396: gcc --version >&5
gcc (SUSE Linux) 4.8.3 20140627 [gcc-4_8-branch revision 212064]
Copyright (C) 2013 Free Software Foundation, Inc.
This is free software; see the source for copying conditions.  There is NO
warranty; not even for MERCHANTABILITY or FITNESS FOR A PARTICULAR PURPOSE.

configure:4407: $? = 0
configure:4396: gcc -v >&5
Using built-in specs.
COLLECT_GCC=gcc
COLLECT_LTO_WRAPPER=/usr/lib64/gcc/x86_64-suse-linux/4.8/lto-wrapper
Target: x86_64-suse-linux
Configured with: ../configure --prefix=/usr --infodir=/usr/share/info --mandir=/usr/share/man --libdir=/usr/lib64 --libexecdir=/usr/lib64 --enable-languages=c,c++,objc,fortran,obj-c++,java,ada --enable-checking=release --with-gxx-include-dir=/usr/include/c++/4.8 --enable-ssp --disable-libssp --disable-plugin --with-bugurl=http://bugs.opensuse.org/ --with-pkgversion='SUSE Linux' --disable-libgcj --disable-libmudflap --with-slibdir=/lib64 --with-system-zlib --enable-__cxa_atexit --enable-libstdcxx-allocator=new --disable-libstdcxx-pch --enable-version-specific-runtime-libs --enable-linker-build-id --enable-linux-futex --program-suffix=-4.8 --without-system-libunwind --with-arch-32=i586 --with-tune=generic --build=x86_64-suse-linux --host=x86_64-suse-linux
Thread model: posix
gcc version 4.8.3 20140627 [gcc-4_8-branch revision 212064] (SUSE Linux) 
configure:4407: $? = 0
configure:4396: gcc -V >&5
gcc: error: unrecognized command line option '-V'
gcc: fatal error: no input files
compilation terminated.
configure:4407: $? = 1
configure:4396: gcc -qversion >&5
gcc: error: unrecognized command line option '-qversion'
gcc: fatal error: no input files
compilation terminated.
configure:4407: $? = 1
configure:4411: checking whether we are using the GNU C compiler
configure:4430: gcc -c   conftest.c >&5
configure:4430: $? = 0
configure:4439: result: yes
configure:4448: checking whether gcc accepts -g
configure:4468: gcc -c -g  conftest.c >&5
configure:4468: $? = 0
configure:4509: result: yes
configure:4526: checking for gcc option to accept ISO C89
configure:4589: gcc  -c -g -O2  conftest.c >&5
configure:4589: $? = 0
configure:4602: result: none needed
configure:4627: checking whether gcc understands -c and -o together
configure:4649: gcc -c conftest.c -o conftest2.o
configure:4652: $? = 0
configure:4649: gcc -c conftest.c -o conftest2.o
configure:4652: $? = 0
configure:4664: result: yes
configure:4683: checking dependency style of gcc
configure:4794: result: gcc3
configure:4814: checking how to run the C preprocessor
configure:4845: gcc -E  conftest.c
configure:4845: $? = 0
configure:4859: gcc -E  conftest.c
conftest.c:11:28: fatal error: ac_nonexistent.h: No such file or directory
 #include <ac_nonexistent.h>
                            ^
compilation terminated.
configure:4859: $? = 1
configure: failed program was:
| /* confdefs.h */
| #define PACKAGE_NAME "ags"
| #define PACKAGE_TARNAME "ags"
| #define PACKAGE_VERSION "0.4.2"
| #define PACKAGE_STRING "ags 0.4.2"
| #define PACKAGE_BUGREPORT "weedlight@gmail.com"
| #define PACKAGE_URL ""
| #define PACKAGE "ags"
| #define VERSION "0.4.2"
| /* end confdefs.h.  */
| #include <ac_nonexistent.h>
configure:4884: result: gcc -E
configure:4904: gcc -E  conftest.c
configure:4904: $? = 0
configure:4918: gcc -E  conftest.c
conftest.c:11:28: fatal error: ac_nonexistent.h: No such file or directory
 #include <ac_nonexistent.h>
                            ^
compilation terminated.
configure:4918: $? = 1
configure: failed program was:
| /* confdefs.h */
| #define PACKAGE_NAME "ags"
| #define PACKAGE_TARNAME "ags"
| #define PACKAGE_VERSION "0.4.2"
| #define PACKAGE_STRING "ags 0.4.2"
| #define PACKAGE_BUGREPORT "weedlight@gmail.com"
| #define PACKAGE_URL ""
| #define PACKAGE "ags"
| #define VERSION "0.4.2"
| /* end confdefs.h.  */
| #include <ac_nonexistent.h>
configure:4947: checking whether ln -s works
configure:4951: result: yes
configure:4958: checking whether make sets $(MAKE)
configure:4980: result: yes
configure:5032: checking for ranlib
configure:5048: found /usr/bin/ranlib
configure:5059: result: ranlib
configure:5086: checking for bison
configure:5116: result: no
configure:5086: checking for byacc
configure:5116: result: no
configure:5129: checking for main in -lX11
configure:5148: gcc -o conftest -g -O2   conftest.c -lX11   >&5
configure:5148: $? = 0
configure:5157: result: yes
configure:5169: checking for main in -ldl
configure:5188: gcc -o conftest -g -O2   conftest.c -ldl  -lX11  >&5
configure:5188: $? = 0
configure:5197: result: yes
configure:5209: checking for main in -lm
configure:5228: gcc -o conftest -g -O2   conftest.c -lm  -ldl -lX11  >&5
configure:5228: $? = 0
configure:5237: result: yes
configure:5249: checking for main in -lrt
configure:5268: gcc -o conftest -g -O2   conftest.c -lrt  -lm -ldl -lX11  >&5
configure:5268: $? = 0
configure:5277: result: yes
configure:5291: checking for X
configure:5430: gcc -o conftest -g -O2   conftest.c -lX11 -lrt -lm -ldl -lX11  >&5
configure:5430: $? = 0
configure:5480: result: libraries , headers 
configure:5484: checking for grep that handles long lines and -e
configure:5542: result: /usr/bin/grep
configure:5547: checking for egrep
configure:5609: result: /usr/bin/grep -E
configure:5614: checking for ANSI C header files
configure:5634: gcc -c -g -O2  conftest.c >&5
configure:5634: $? = 0
configure:5707: gcc -o conftest -g -O2   conftest.c -lrt -lm -ldl -lX11  >&5
configure:5707: $? = 0
configure:5707: ./conftest
configure:5707: $? = 0
configure:5718: result: yes
configure:5731: checking for sys/types.h
configure:5731: gcc -c -g -O2  conftest.c >&5
configure:5731: $? = 0
configure:5731: result: yes
configure:5731: checking for sys/stat.h
configure:5731: gcc -c -g -O2  conftest.c >&5
configure:5731: $? = 0
configure:5731: result: yes
configure:5731: checking for stdlib.h
configure:5731: gcc -c -g -O2  conftest.c >&5
configure:5731: $? = 0
configure:5731: result: yes
configure:5731: checking for string.h
configure:5731: gcc -c -g -O2  conftest.c >&5
configure:5731: $? = 0
configure:5731: result: yes
configure:5731: checking for memory.h
configure:5731: gcc -c -g -O2  conftest.c >&5
configure:5731: $? = 0
configure:5731: result: yes
configure:5731: checking for strings.h
configure:5731: gcc -c -g -O2  conftest.c >&5
configure:5731: $? = 0
configure:5731: result: yes
configure:5731: checking for inttypes.h
configure:5731: gcc -c -g -O2  conftest.c >&5
configure:5731: $? = 0
configure:5731: result: yes
configure:5731: checking for stdint.h
configure:5731: gcc -c -g -O2  conftest.c >&5
configure:5731: $? = 0
configure:5731: result: yes
configure:5731: checking for unistd.h
configure:5731: gcc -c -g -O2  conftest.c >&5
configure:5731: $? = 0
configure:5731: result: yes
configure:5743: checking for size_t
configure:5743: gcc -c -g -O2  conftest.c >&5
configure:5743: $? = 0
configure:5743: gcc -c -g -O2  conftest.c >&5
conftest.c: In function 'main':
conftest.c:61:21: error: expected expression before ')' token
 if (sizeof ((size_t)))
                     ^
configure:5743: $? = 1
configure: failed program was:
| /* confdefs.h */
| #define PACKAGE_NAME "ags"
| #define PACKAGE_TARNAME "ags"
| #define PACKAGE_VERSION "0.4.2"
| #define PACKAGE_STRING "ags 0.4.2"
| #define PACKAGE_BUGREPORT "weedlight@gmail.com"
| #define PACKAGE_URL ""
| #define PACKAGE "ags"
| #define VERSION "0.4.2"
| #define HAVE_LIBX11 1
| #define HAVE_LIBDL 1
| #define HAVE_LIBM 1
| #define HAVE_LIBRT 1
| #define STDC_HEADERS 1
| #define HAVE_SYS_TYPES_H 1
| #define HAVE_SYS_STAT_H 1
| #define HAVE_STDLIB_H 1
| #define HAVE_STRING_H 1
| #define HAVE_MEMORY_H 1
| #define HAVE_STRINGS_H 1
| #define HAVE_INTTYPES_H 1
| #define HAVE_STDINT_H 1
| #define HAVE_UNISTD_H 1
| /* end confdefs.h.  */
| #include <stdio.h>
| #ifdef HAVE_SYS_TYPES_H
| # include <sys/types.h>
| #endif
| #ifdef HAVE_SYS_STAT_H
| # include <sys/stat.h>
| #endif
| #ifdef STDC_HEADERS
| # include <stdlib.h>
| # include <stddef.h>
| #else
| # ifdef HAVE_STDLIB_H
| #  include <stdlib.h>
| # endif
| #endif
| #ifdef HAVE_STRING_H
| # if !defined STDC_HEADERS && defined HAVE_MEMORY_H
| #  include <memory.h>
| # endif
| # include <string.h>
| #endif
| #ifdef HAVE_STRINGS_H
| # include <strings.h>
| #endif
| #ifdef HAVE_INTTYPES_H
| # include <inttypes.h>
| #endif
| #ifdef HAVE_STDINT_H
| # include <stdint.h>
| #endif
| #ifdef HAVE_UNISTD_H
| # include <unistd.h>
| #endif
| int
| main ()
| {
| if (sizeof ((size_t)))
| 	    return 0;
|   ;
|   return 0;
| }
configure:5743: result: yes
configure:5756: checking for working alloca.h
configure:5773: gcc -o conftest -g -O2   conftest.c -lrt -lm -ldl -lX11  >&5
configure:5773: $? = 0
configure:5781: result: yes
configure:5789: checking for alloca
configure:5826: gcc -o conftest -g -O2   conftest.c -lrt -lm -ldl -lX11  >&5
configure:5826: $? = 0
configure:5834: result: yes
configure:5943: checking argz.h usability
configure:5943: gcc -c -g -O2  conftest.c >&5
configure:5943: $? = 0
configure:5943: result: yes
configure:5943: checking argz.h presence
configure:5943: gcc -E  conftest.c
configure:5943: $? = 0
configure:5943: result: yes
configure:5943: checking for argz.h
configure:5943: result: yes
configure:5943: checking fcntl.h usability
configure:5943: gcc -c -g -O2  conftest.c >&5
configure:5943: $? = 0
configure:5943: result: yes
configure:5943: checking fcntl.h presence
configure:5943: gcc -E  conftest.c
configure:5943: $? = 0
configure:5943: result: yes
configure:5943: checking for fcntl.h
configure:5943: result: yes
configure:5943: checking float.h usability
configure:5943: gcc -c -g -O2  conftest.c >&5
configure:5943: $? = 0
configure:5943: result: yes
configure:5943: checking float.h presence
configure:5943: gcc -E  conftest.c
configure:5943: $? = 0
configure:5943: result: yes
configure:5943: checking for float.h
configure:5943: result: yes
configure:5943: checking for inttypes.h
configure:5943: result: yes
configure:5943: checking langinfo.h usability
configure:5943: gcc -c -g -O2  conftest.c >&5
configure:5943: $? = 0
configure:5943: result: yes
configure:5943: checking langinfo.h presence
configure:5943: gcc -E  conftest.c
configure:5943: $? = 0
configure:5943: result: yes
configure:5943: checking for langinfo.h
configure:5943: result: yes
configure:5943: checking libintl.h usability
configure:5943: gcc -c -g -O2  conftest.c >&5
configure:5943: $? = 0
configure:5943: result: yes
configure:5943: checking libintl.h presence
configure:5943: gcc -E  conftest.c
configure:5943: $? = 0
configure:5943: result: yes
configure:5943: checking for libintl.h
configure:5943: result: yes
configure:5943: checking limits.h usability
configure:5943: gcc -c -g -O2  conftest.c >&5
configure:5943: $? = 0
configure:5943: result: yes
configure:5943: checking limits.h presence
configure:5943: gcc -E  conftest.c
configure:5943: $? = 0
configure:5943: result: yes
configure:5943: checking for limits.h
configure:5943: result: yes
configure:5943: checking locale.h usability
configure:5943: gcc -c -g -O2  conftest.c >&5
configure:5943: $? = 0
configure:5943: result: yes
configure:5943: checking locale.h presence
configure:5943: gcc -E  conftest.c
configure:5943: $? = 0
configure:5943: result: yes
configure:5943: checking for locale.h
configure:5943: result: yes
configure:5943: checking malloc.h usability
configure:5943: gcc -c -g -O2  conftest.c >&5
configure:5943: $? = 0
configure:5943: result: yes
configure:5943: checking malloc.h presence
configure:5943: gcc -E  conftest.c
configure:5943: $? = 0
configure:5943: result: yes
configure:5943: checking for malloc.h
configure:5943: result: yes
configure:5943: checking netinet/in.h usability
configure:5943: gcc -c -g -O2  conftest.c >&5
configure:5943: $? = 0
configure:5943: result: yes
configure:5943: checking netinet/in.h presence
configure:5943: gcc -E  conftest.c
configure:5943: $? = 0
configure:5943: result: yes
configure:5943: checking for netinet/in.h
configure:5943: result: yes
configure:5943: checking stddef.h usability
configure:5943: gcc -c -g -O2  conftest.c >&5
configure:5943: $? = 0
configure:5943: result: yes
configure:5943: checking stddef.h presence
configure:5943: gcc -E  conftest.c
configure:5943: $? = 0
configure:5943: result: yes
configure:5943: checking for stddef.h
configure:5943: result: yes
configure:5943: checking for stdint.h
configure:5943: result: yes
configure:5943: checking stdio_ext.h usability
configure:5943: gcc -c -g -O2  conftest.c >&5
configure:5943: $? = 0
configure:5943: result: yes
configure:5943: checking stdio_ext.h presence
configure:5943: gcc -E  conftest.c
configure:5943: $? = 0
configure:5943: result: yes
configure:5943: checking for stdio_ext.h
configure:5943: result: yes
configure:5943: checking for stdlib.h
configure:5943: result: yes
configure:5943: checking for string.h
configure:5943: result: yes
configure:5943: checking sys/ioctl.h usability
configure:5943: gcc -c -g -O2  conftest.c >&5
configure:5943: $? = 0
configure:5943: result: yes
configure:5943: checking sys/ioctl.h presence
configure:5943: gcc -E  conftest.c
configure:5943: $? = 0
configure:5943: result: yes
configure:5943: checking for sys/ioctl.h
configure:5943: result: yes
configure:5943: checking sys/param.h usability
configure:5943: gcc -c -g -O2  conftest.c >&5
configure:5943: $? = 0
configure:5943: result: yes
configure:5943: checking sys/param.h presence
configure:5943: gcc -E  conftest.c
configure:5943: $? = 0
configure:5943: result: yes
configure:5943: checking for sys/param.h
configure:5943: result: yes
configure:5943: checking sys/socket.h usability
configure:5943: gcc -c -g -O2  conftest.c >&5
configure:5943: $? = 0
configure:5943: result: yes
configure:5943: checking sys/socket.h presence
configure:5943: gcc -E  conftest.c
configure:5943: $? = 0
configure:5943: result: yes
configure:5943: checking for sys/socket.h
configure:5943: result: yes
configure:5943: checking sys/time.h usability
configure:5943: gcc -c -g -O2  conftest.c >&5
configure:5943: $? = 0
configure:5943: result: yes
configure:5943: checking sys/time.h presence
configure:5943: gcc -E  conftest.c
configure:5943: $? = 0
configure:5943: result: yes
configure:5943: checking for sys/time.h
configure:5943: result: yes
configure:5943: checking for unistd.h
configure:5943: result: yes
configure:5955: checking for stdbool.h that conforms to C99
configure:6022: gcc -c -g -O2  conftest.c >&5
configure:6022: $? = 0
configure:6029: result: yes
configure:6031: checking for _Bool
configure:6031: gcc -c -g -O2  conftest.c >&5
configure:6031: $? = 0
configure:6031: gcc -c -g -O2  conftest.c >&5
conftest.c: In function 'main':
conftest.c:83:20: error: expected expression before ')' token
 if (sizeof ((_Bool)))
                    ^
configure:6031: $? = 1
configure: failed program was:
| /* confdefs.h */
| #define PACKAGE_NAME "ags"
| #define PACKAGE_TARNAME "ags"
| #define PACKAGE_VERSION "0.4.2"
| #define PACKAGE_STRING "ags 0.4.2"
| #define PACKAGE_BUGREPORT "weedlight@gmail.com"
| #define PACKAGE_URL ""
| #define PACKAGE "ags"
| #define VERSION "0.4.2"
| #define HAVE_LIBX11 1
| #define HAVE_LIBDL 1
| #define HAVE_LIBM 1
| #define HAVE_LIBRT 1
| #define STDC_HEADERS 1
| #define HAVE_SYS_TYPES_H 1
| #define HAVE_SYS_STAT_H 1
| #define HAVE_STDLIB_H 1
| #define HAVE_STRING_H 1
| #define HAVE_MEMORY_H 1
| #define HAVE_STRINGS_H 1
| #define HAVE_INTTYPES_H 1
| #define HAVE_STDINT_H 1
| #define HAVE_UNISTD_H 1
| #define HAVE_ALLOCA_H 1
| #define HAVE_ALLOCA 1
| #define HAVE_ARGZ_H 1
| #define HAVE_FCNTL_H 1
| #define HAVE_FLOAT_H 1
| #define HAVE_INTTYPES_H 1
| #define HAVE_LANGINFO_H 1
| #define HAVE_LIBINTL_H 1
| #define HAVE_LIMITS_H 1
| #define HAVE_LOCALE_H 1
| #define HAVE_MALLOC_H 1
| #define HAVE_NETINET_IN_H 1
| #define HAVE_STDDEF_H 1
| #define HAVE_STDINT_H 1
| #define HAVE_STDIO_EXT_H 1
| #define HAVE_STDLIB_H 1
| #define HAVE_STRING_H 1
| #define HAVE_SYS_IOCTL_H 1
| #define HAVE_SYS_PARAM_H 1
| #define HAVE_SYS_SOCKET_H 1
| #define HAVE_SYS_TIME_H 1
| #define HAVE_UNISTD_H 1
| /* end confdefs.h.  */
| #include <stdio.h>
| #ifdef HAVE_SYS_TYPES_H
| # include <sys/types.h>
| #endif
| #ifdef HAVE_SYS_STAT_H
| # include <sys/stat.h>
| #endif
| #ifdef STDC_HEADERS
| # include <stdlib.h>
| # include <stddef.h>
| #else
| # ifdef HAVE_STDLIB_H
| #  include <stdlib.h>
| # endif
| #endif
| #ifdef HAVE_STRING_H
| # if !defined STDC_HEADERS && defined HAVE_MEMORY_H
| #  include <memory.h>
| # endif
| # include <string.h>
| #endif
| #ifdef HAVE_STRINGS_H
| # include <strings.h>
| #endif
| #ifdef HAVE_INTTYPES_H
| # include <inttypes.h>
| #endif
| #ifdef HAVE_STDINT_H
| # include <stdint.h>
| #endif
| #ifdef HAVE_UNISTD_H
| # include <unistd.h>
| #endif
| int
| main ()
| {
| if (sizeof ((_Bool)))
| 	    return 0;
|   ;
|   return 0;
| }
configure:6031: result: yes
configure:6042: checking for inline
configure:6058: gcc -c -g -O2  conftest.c >&5
configure:6058: $? = 0
configure:6066: result: inline
configure:6084: checking for pid_t
configure:6084: gcc -c -g -O2  conftest.c >&5
configure:6084: $? = 0
configure:6084: gcc -c -g -O2  conftest.c >&5
conftest.c: In function 'main':
conftest.c:84:20: error: expected expression before ')' token
 if (sizeof ((pid_t)))
                    ^
configure:6084: $? = 1
configure: failed program was:
| /* confdefs.h */
| #define PACKAGE_NAME "ags"
| #define PACKAGE_TARNAME "ags"
| #define PACKAGE_VERSION "0.4.2"
| #define PACKAGE_STRING "ags 0.4.2"
| #define PACKAGE_BUGREPORT "weedlight@gmail.com"
| #define PACKAGE_URL ""
| #define PACKAGE "ags"
| #define VERSION "0.4.2"
| #define HAVE_LIBX11 1
| #define HAVE_LIBDL 1
| #define HAVE_LIBM 1
| #define HAVE_LIBRT 1
| #define STDC_HEADERS 1
| #define HAVE_SYS_TYPES_H 1
| #define HAVE_SYS_STAT_H 1
| #define HAVE_STDLIB_H 1
| #define HAVE_STRING_H 1
| #define HAVE_MEMORY_H 1
| #define HAVE_STRINGS_H 1
| #define HAVE_INTTYPES_H 1
| #define HAVE_STDINT_H 1
| #define HAVE_UNISTD_H 1
| #define HAVE_ALLOCA_H 1
| #define HAVE_ALLOCA 1
| #define HAVE_ARGZ_H 1
| #define HAVE_FCNTL_H 1
| #define HAVE_FLOAT_H 1
| #define HAVE_INTTYPES_H 1
| #define HAVE_LANGINFO_H 1
| #define HAVE_LIBINTL_H 1
| #define HAVE_LIMITS_H 1
| #define HAVE_LOCALE_H 1
| #define HAVE_MALLOC_H 1
| #define HAVE_NETINET_IN_H 1
| #define HAVE_STDDEF_H 1
| #define HAVE_STDINT_H 1
| #define HAVE_STDIO_EXT_H 1
| #define HAVE_STDLIB_H 1
| #define HAVE_STRING_H 1
| #define HAVE_SYS_IOCTL_H 1
| #define HAVE_SYS_PARAM_H 1
| #define HAVE_SYS_SOCKET_H 1
| #define HAVE_SYS_TIME_H 1
| #define HAVE_UNISTD_H 1
| #define HAVE__BOOL 1
| /* end confdefs.h.  */
| #include <stdio.h>
| #ifdef HAVE_SYS_TYPES_H
| # include <sys/types.h>
| #endif
| #ifdef HAVE_SYS_STAT_H
| # include <sys/stat.h>
| #endif
| #ifdef STDC_HEADERS
| # include <stdlib.h>
| # include <stddef.h>
| #else
| # ifdef HAVE_STDLIB_H
| #  include <stdlib.h>
| # endif
| #endif
| #ifdef HAVE_STRING_H
| # if !defined STDC_HEADERS && defined HAVE_MEMORY_H
| #  include <memory.h>
| # endif
| # include <string.h>
| #endif
| #ifdef HAVE_STRINGS_H
| # include <strings.h>
| #endif
| #ifdef HAVE_INTTYPES_H
| # include <inttypes.h>
| #endif
| #ifdef HAVE_STDINT_H
| # include <stdint.h>
| #endif
| #ifdef HAVE_UNISTD_H
| # include <unistd.h>
| #endif
| int
| main ()
| {
| if (sizeof ((pid_t)))
| 	    return 0;
|   ;
|   return 0;
| }
configure:6084: result: yes
configure:6095: checking for size_t
configure:6095: result: yes
configure:6106: checking for uid_t in sys/types.h
configure:6125: result: yes
configure:6136: checking for uint16_t
configure:6136: gcc -c -g -O2  conftest.c >&5
configure:6136: $? = 0
configure:6136: result: yes
configure:6148: checking for uint32_t
configure:6148: gcc -c -g -O2  conftest.c >&5
configure:6148: $? = 0
configure:6148: result: yes
configure:6162: checking for uint8_t
configure:6162: gcc -c -g -O2  conftest.c >&5
configure:6162: $? = 0
configure:6162: result: yes
configure:6176: checking for ptrdiff_t
configure:6176: gcc -c -g -O2  conftest.c >&5
configure:6176: $? = 0
configure:6176: gcc -c -g -O2  conftest.c >&5
conftest.c: In function 'main':
conftest.c:84:24: error: expected expression before ')' token
 if (sizeof ((ptrdiff_t)))
                        ^
configure:6176: $? = 1
configure: failed program was:
| /* confdefs.h */
| #define PACKAGE_NAME "ags"
| #define PACKAGE_TARNAME "ags"
| #define PACKAGE_VERSION "0.4.2"
| #define PACKAGE_STRING "ags 0.4.2"
| #define PACKAGE_BUGREPORT "weedlight@gmail.com"
| #define PACKAGE_URL ""
| #define PACKAGE "ags"
| #define VERSION "0.4.2"
| #define HAVE_LIBX11 1
| #define HAVE_LIBDL 1
| #define HAVE_LIBM 1
| #define HAVE_LIBRT 1
| #define STDC_HEADERS 1
| #define HAVE_SYS_TYPES_H 1
| #define HAVE_SYS_STAT_H 1
| #define HAVE_STDLIB_H 1
| #define HAVE_STRING_H 1
| #define HAVE_MEMORY_H 1
| #define HAVE_STRINGS_H 1
| #define HAVE_INTTYPES_H 1
| #define HAVE_STDINT_H 1
| #define HAVE_UNISTD_H 1
| #define HAVE_ALLOCA_H 1
| #define HAVE_ALLOCA 1
| #define HAVE_ARGZ_H 1
| #define HAVE_FCNTL_H 1
| #define HAVE_FLOAT_H 1
| #define HAVE_INTTYPES_H 1
| #define HAVE_LANGINFO_H 1
| #define HAVE_LIBINTL_H 1
| #define HAVE_LIMITS_H 1
| #define HAVE_LOCALE_H 1
| #define HAVE_MALLOC_H 1
| #define HAVE_NETINET_IN_H 1
| #define HAVE_STDDEF_H 1
| #define HAVE_STDINT_H 1
| #define HAVE_STDIO_EXT_H 1
| #define HAVE_STDLIB_H 1
| #define HAVE_STRING_H 1
| #define HAVE_SYS_IOCTL_H 1
| #define HAVE_SYS_PARAM_H 1
| #define HAVE_SYS_SOCKET_H 1
| #define HAVE_SYS_TIME_H 1
| #define HAVE_UNISTD_H 1
| #define HAVE__BOOL 1
| /* end confdefs.h.  */
| #include <stdio.h>
| #ifdef HAVE_SYS_TYPES_H
| # include <sys/types.h>
| #endif
| #ifdef HAVE_SYS_STAT_H
| # include <sys/stat.h>
| #endif
| #ifdef STDC_HEADERS
| # include <stdlib.h>
| # include <stddef.h>
| #else
| # ifdef HAVE_STDLIB_H
| #  include <stdlib.h>
| # endif
| #endif
| #ifdef HAVE_STRING_H
| # if !defined STDC_HEADERS && defined HAVE_MEMORY_H
| #  include <memory.h>
| # endif
| # include <string.h>
| #endif
| #ifdef HAVE_STRINGS_H
| # include <strings.h>
| #endif
| #ifdef HAVE_INTTYPES_H
| # include <inttypes.h>
| #endif
| #ifdef HAVE_STDINT_H
| # include <stdint.h>
| #endif
| #ifdef HAVE_UNISTD_H
| # include <unistd.h>
| #endif
| int
| main ()
| {
| if (sizeof ((ptrdiff_t)))
| 	    return 0;
|   ;
|   return 0;
| }
configure:6176: result: yes
configure:6241: checking for pkg-config
configure:6259: found /usr/bin/pkg-config
configure:6271: result: /usr/bin/pkg-config
configure:6296: checking pkg-config is at least version 0.9.0
configure:6299: result: yes
configure:6309: checking for UUID
configure:6316: $PKG_CONFIG --exists --print-errors "uuid >= 1.0.2"
configure:6319: $? = 0
configure:6333: $PKG_CONFIG --exists --print-errors "uuid >= 1.0.2"
configure:6336: $? = 0
configure:6394: result: yes
configure:6403: checking for LIBAO
configure:6410: $PKG_CONFIG --exists --print-errors "ao >= 1.1.0"
configure:6413: $? = 0
configure:6427: $PKG_CONFIG --exists --print-errors "ao >= 1.1.0"
configure:6430: $? = 0
configure:6488: result: yes
configure:6497: checking for LIBASOUND2
configure:6504: $PKG_CONFIG --exists --print-errors "alsa >= 1.0.25"
configure:6507: $? = 0
configure:6521: $PKG_CONFIG --exists --print-errors "alsa >= 1.0.25"
configure:6524: $? = 0
configure:6582: result: yes
configure:6591: checking for LIBXML2
configure:6598: $PKG_CONFIG --exists --print-errors "libxml-2.0 >= 2.8.0"
configure:6601: $? = 0
configure:6615: $PKG_CONFIG --exists --print-errors "libxml-2.0 >= 2.8.0"
configure:6618: $? = 0
configure:6676: result: yes
configure:6685: checking for SNDFILE
configure:6692: $PKG_CONFIG --exists --print-errors "sndfile >= 1.0.25"
configure:6695: $? = 0
configure:6709: $PKG_CONFIG --exists --print-errors "sndfile >= 1.0.25"
configure:6712: $? = 0
configure:6770: result: yes
configure:6779: checking for LIBINSTPATCH
configure:6786: $PKG_CONFIG --exists --print-errors "libinstpatch-1.0 >= 1.0"
configure:6789: $? = 0
configure:6803: $PKG_CONFIG --exists --print-errors "libinstpatch-1.0 >= 1.0"
configure:6806: $? = 0
configure:6864: result: yes
configure:6873: checking for GOBJECT
configure:6880: $PKG_CONFIG --exists --print-errors "gobject-2.0 >= 2.32.3 glib-2.0 >= 2.32.3 gmodule-2.0 >= 2.32.3 gthread-2.0 >= 2.32.3"
configure:6883: $? = 0
configure:6897: $PKG_CONFIG --exists --print-errors "gobject-2.0 >= 2.32.3 glib-2.0 >= 2.32.3 gmodule-2.0 >= 2.32.3 gthread-2.0 >= 2.32.3"
configure:6900: $? = 0
configure:6958: result: yes
configure:6967: checking for GDKPIXBUF
configure:6974: $PKG_CONFIG --exists --print-errors "gdk-pixbuf-2.0 >= 2.26.1"
configure:6977: $? = 0
configure:6991: $PKG_CONFIG --exists --print-errors "gdk-pixbuf-2.0 >= 2.26.1"
configure:6994: $? = 0
configure:7052: result: yes
configure:7061: checking for CAIRO
configure:7068: $PKG_CONFIG --exists --print-errors "cairo >= 1.12.0"
configure:7071: $? = 0
configure:7085: $PKG_CONFIG --exists --print-errors "cairo >= 1.12.0"
configure:7088: $? = 0
configure:7146: result: yes
configure:7155: checking for GTK
configure:7162: $PKG_CONFIG --exists --print-errors "gtk+-2.0 >= 2.24.10"
configure:7165: $? = 0
configure:7179: $PKG_CONFIG --exists --print-errors "gtk+-2.0 >= 2.24.10"
configure:7182: $? = 0
configure:7240: result: yes
configure:7264: checking for a sed that does not truncate output
configure:7328: result: /usr/bin/sed
configure:7334: checking whether NLS is requested
configure:7343: result: yes
configure:7383: checking for msgfmt
configure: trying /usr/bin/msgfmt...
0 translated messages.
configure:7415: result: /usr/bin/msgfmt
configure:7424: checking for gmsgfmt
configure:7455: result: /usr/bin/msgfmt
configure:7505: checking for xgettext
configure: trying /usr/bin/xgettext...
/usr/bin/xgettext: warning: file '/dev/null' extension '' is unknown; will try C
configure:7537: result: /usr/bin/xgettext
configure:7582: checking for msgmerge
configure: trying /usr/bin/msgmerge...
configure:7613: result: /usr/bin/msgmerge
configure:7634: checking build system type
configure:7648: result: x86_64-unknown-linux-gnu
configure:7668: checking host system type
configure:7681: result: x86_64-unknown-linux-gnu
configure:7702: checking whether we are using the GNU C Library 2 or newer
configure:7729: result: yes
configure:7740: checking whether the -Werror option is usable
configure:7759: gcc -c -g -O2 -Werror  conftest.c >&5
configure:7759: $? = 0
configure:7768: result: yes
configure:7770: checking for simple visibility declarations
configure:7797: gcc -c -g -O2 -fvisibility=hidden -Werror  conftest.c >&5
configure:7797: $? = 0
configure:7806: result: yes
configure:7822: checking for stdint.h
configure:7839: gcc -c -g -O2  conftest.c >&5
configure:7839: $? = 0
configure:7846: result: yes
configure:7862: checking for stdlib.h
configure:7862: result: yes
configure:7862: checking for unistd.h
configure:7862: result: yes
configure:7862: checking for sys/param.h
configure:7862: result: yes
configure:7882: checking for getpagesize
configure:7882: gcc -o conftest -g -O2   conftest.c -lrt -lm -ldl -lX11  >&5
configure:7882: $? = 0
configure:7882: result: yes
configure:7891: checking for working mmap
configure:8038: gcc -o conftest -g -O2   conftest.c -lrt -lm -ldl -lX11  >&5
configure:8038: $? = 0
configure:8038: ./conftest
configure:8038: $? = 0
configure:8048: result: yes
configure:8059: checking whether integer division by zero raises SIGFPE
configure:8125: gcc -o conftest -g -O2   conftest.c -lrt -lm -ldl -lX11  >&5
conftest.c:70:5: warning: built-in function 'nan' declared as non-function [enabled by default]
 int nan;
     ^
configure:8125: $? = 0
configure:8125: ./conftest
configure:8125: $? = 0
configure:8137: result: yes
configure:8150: checking for inttypes.h
configure:8169: gcc -c -g -O2  conftest.c >&5
configure:8169: $? = 0
configure:8176: result: yes
configure:8187: checking for unsigned long long int
configure:8226: gcc -o conftest -g -O2   conftest.c -lrt -lm -ldl -lX11  >&5
configure:8226: $? = 0
configure:8235: result: yes
configure:8265: checking for inttypes.h
configure:8265: result: yes
configure:8276: checking whether the inttypes.h PRIxNN macros are broken
configure:8298: gcc -c -g -O2  conftest.c >&5
configure:8298: $? = 0
configure:8306: result: no
configure:8322: checking minix/config.h usability
configure:8322: gcc -c -g -O2  conftest.c >&5
conftest.c:94:26: fatal error: minix/config.h: No such file or directory
 #include <minix/config.h>
                          ^
compilation terminated.
configure:8322: $? = 1
configure: failed program was:
| /* confdefs.h */
| #define PACKAGE_NAME "ags"
| #define PACKAGE_TARNAME "ags"
| #define PACKAGE_VERSION "0.4.2"
| #define PACKAGE_STRING "ags 0.4.2"
| #define PACKAGE_BUGREPORT "weedlight@gmail.com"
| #define PACKAGE_URL ""
| #define PACKAGE "ags"
| #define VERSION "0.4.2"
| #define HAVE_LIBX11 1
| #define HAVE_LIBDL 1
| #define HAVE_LIBM 1
| #define HAVE_LIBRT 1
| #define STDC_HEADERS 1
| #define HAVE_SYS_TYPES_H 1
| #define HAVE_SYS_STAT_H 1
| #define HAVE_STDLIB_H 1
| #define HAVE_STRING_H 1
| #define HAVE_MEMORY_H 1
| #define HAVE_STRINGS_H 1
| #define HAVE_INTTYPES_H 1
| #define HAVE_STDINT_H 1
| #define HAVE_UNISTD_H 1
| #define HAVE_ALLOCA_H 1
| #define HAVE_ALLOCA 1
| #define HAVE_ARGZ_H 1
| #define HAVE_FCNTL_H 1
| #define HAVE_FLOAT_H 1
| #define HAVE_INTTYPES_H 1
| #define HAVE_LANGINFO_H 1
| #define HAVE_LIBINTL_H 1
| #define HAVE_LIMITS_H 1
| #define HAVE_LOCALE_H 1
| #define HAVE_MALLOC_H 1
| #define HAVE_NETINET_IN_H 1
| #define HAVE_STDDEF_H 1
| #define HAVE_STDINT_H 1
| #define HAVE_STDIO_EXT_H 1
| #define HAVE_STDLIB_H 1
| #define HAVE_STRING_H 1
| #define HAVE_SYS_IOCTL_H 1
| #define HAVE_SYS_PARAM_H 1
| #define HAVE_SYS_SOCKET_H 1
| #define HAVE_SYS_TIME_H 1
| #define HAVE_UNISTD_H 1
| #define HAVE__BOOL 1
| #define HAVE_PTRDIFF_T 1
| #define HAVE_VISIBILITY 1
| #define HAVE_STDINT_H_WITH_UINTMAX 1
| #define HAVE_STDLIB_H 1
| #define HAVE_UNISTD_H 1
| #define HAVE_SYS_PARAM_H 1
| #define HAVE_GETPAGESIZE 1
| #define HAVE_MMAP 1
| #define INTDIV0_RAISES_SIGFPE 1
| #define HAVE_INTTYPES_H_WITH_UINTMAX 1
| #define HAVE_UNSIGNED_LONG_LONG_INT 1
| #define HAVE_UINTMAX_T 1
| #define HAVE_INTTYPES_H 1
| /* end confdefs.h.  */
| #include <stdio.h>
| #ifdef HAVE_SYS_TYPES_H
| # include <sys/types.h>
| #endif
| #ifdef HAVE_SYS_STAT_H
| # include <sys/stat.h>
| #endif
| #ifdef STDC_HEADERS
| # include <stdlib.h>
| # include <stddef.h>
| #else
| # ifdef HAVE_STDLIB_H
| #  include <stdlib.h>
| # endif
| #endif
| #ifdef HAVE_STRING_H
| # if !defined STDC_HEADERS && defined HAVE_MEMORY_H
| #  include <memory.h>
| # endif
| # include <string.h>
| #endif
| #ifdef HAVE_STRINGS_H
| # include <strings.h>
| #endif
| #ifdef HAVE_INTTYPES_H
| # include <inttypes.h>
| #endif
| #ifdef HAVE_STDINT_H
| # include <stdint.h>
| #endif
| #ifdef HAVE_UNISTD_H
| # include <unistd.h>
| #endif
| #include <minix/config.h>
configure:8322: result: no
configure:8322: checking minix/config.h presence
configure:8322: gcc -E  conftest.c
conftest.c:61:26: fatal error: minix/config.h: No such file or directory
 #include <minix/config.h>
                          ^
compilation terminated.
configure:8322: $? = 1
configure: failed program was:
| /* confdefs.h */
| #define PACKAGE_NAME "ags"
| #define PACKAGE_TARNAME "ags"
| #define PACKAGE_VERSION "0.4.2"
| #define PACKAGE_STRING "ags 0.4.2"
| #define PACKAGE_BUGREPORT "weedlight@gmail.com"
| #define PACKAGE_URL ""
| #define PACKAGE "ags"
| #define VERSION "0.4.2"
| #define HAVE_LIBX11 1
| #define HAVE_LIBDL 1
| #define HAVE_LIBM 1
| #define HAVE_LIBRT 1
| #define STDC_HEADERS 1
| #define HAVE_SYS_TYPES_H 1
| #define HAVE_SYS_STAT_H 1
| #define HAVE_STDLIB_H 1
| #define HAVE_STRING_H 1
| #define HAVE_MEMORY_H 1
| #define HAVE_STRINGS_H 1
| #define HAVE_INTTYPES_H 1
| #define HAVE_STDINT_H 1
| #define HAVE_UNISTD_H 1
| #define HAVE_ALLOCA_H 1
| #define HAVE_ALLOCA 1
| #define HAVE_ARGZ_H 1
| #define HAVE_FCNTL_H 1
| #define HAVE_FLOAT_H 1
| #define HAVE_INTTYPES_H 1
| #define HAVE_LANGINFO_H 1
| #define HAVE_LIBINTL_H 1
| #define HAVE_LIMITS_H 1
| #define HAVE_LOCALE_H 1
| #define HAVE_MALLOC_H 1
| #define HAVE_NETINET_IN_H 1
| #define HAVE_STDDEF_H 1
| #define HAVE_STDINT_H 1
| #define HAVE_STDIO_EXT_H 1
| #define HAVE_STDLIB_H 1
| #define HAVE_STRING_H 1
| #define HAVE_SYS_IOCTL_H 1
| #define HAVE_SYS_PARAM_H 1
| #define HAVE_SYS_SOCKET_H 1
| #define HAVE_SYS_TIME_H 1
| #define HAVE_UNISTD_H 1
| #define HAVE__BOOL 1
| #define HAVE_PTRDIFF_T 1
| #define HAVE_VISIBILITY 1
| #define HAVE_STDINT_H_WITH_UINTMAX 1
| #define HAVE_STDLIB_H 1
| #define HAVE_UNISTD_H 1
| #define HAVE_SYS_PARAM_H 1
| #define HAVE_GETPAGESIZE 1
| #define HAVE_MMAP 1
| #define INTDIV0_RAISES_SIGFPE 1
| #define HAVE_INTTYPES_H_WITH_UINTMAX 1
| #define HAVE_UNSIGNED_LONG_LONG_INT 1
| #define HAVE_UINTMAX_T 1
| #define HAVE_INTTYPES_H 1
| /* end confdefs.h.  */
| #include <minix/config.h>
configure:8322: result: no
configure:8322: checking for minix/config.h
configure:8322: result: no
configure:8343: checking whether it is safe to define __EXTENSIONS__
configure:8361: gcc -c -g -O2  conftest.c >&5
configure:8361: $? = 0
configure:8368: result: yes
configure:8474: checking for ld used by gcc
configure:8541: result: /usr/x86_64-suse-linux/bin/ld
configure:8548: checking if the linker (/usr/x86_64-suse-linux/bin/ld) is GNU ld
configure:8563: result: yes
configure:8570: checking for shared library run path origin
configure:8583: result: done
configure:8673: checking whether imported symbols can be declared weak
configure:8691: gcc -o conftest -g -O2   conftest.c -lrt -lm -ldl -lX11  >&5
configure:8691: $? = 0
configure:8725: gcc -o conftest -g -O2   conftest.c -lrt -lm -ldl -lX11  >&5
configure:8725: $? = 0
configure:8725: ./conftest
configure:8725: $? = 0
configure:8737: result: yes
configure:8742: checking pthread.h usability
configure:8742: gcc -c -g -O2  conftest.c >&5
configure:8742: $? = 0
configure:8742: result: yes
configure:8742: checking pthread.h presence
configure:8742: gcc -E  conftest.c
configure:8742: $? = 0
configure:8742: result: yes
configure:8742: checking for pthread.h
configure:8742: result: yes
configure:8770: gcc -o conftest -g -O2   conftest.c -lrt -lm -ldl -lX11  >&5
/usr/lib64/gcc/x86_64-suse-linux/4.8/../../../../x86_64-suse-linux/bin/ld: /tmp/cc9DmWq2.o: undefined reference to symbol 'pthread_mutexattr_init@@GLIBC_2.2.5'
/lib64/libpthread.so.0: error adding symbols: DSO missing from command line
collect2: error: ld returned 1 exit status
configure:8770: $? = 1
configure: failed program was:
| /* confdefs.h */
| #define PACKAGE_NAME "ags"
| #define PACKAGE_TARNAME "ags"
| #define PACKAGE_VERSION "0.4.2"
| #define PACKAGE_STRING "ags 0.4.2"
| #define PACKAGE_BUGREPORT "weedlight@gmail.com"
| #define PACKAGE_URL ""
| #define PACKAGE "ags"
| #define VERSION "0.4.2"
| #define HAVE_LIBX11 1
| #define HAVE_LIBDL 1
| #define HAVE_LIBM 1
| #define HAVE_LIBRT 1
| #define STDC_HEADERS 1
| #define HAVE_SYS_TYPES_H 1
| #define HAVE_SYS_STAT_H 1
| #define HAVE_STDLIB_H 1
| #define HAVE_STRING_H 1
| #define HAVE_MEMORY_H 1
| #define HAVE_STRINGS_H 1
| #define HAVE_INTTYPES_H 1
| #define HAVE_STDINT_H 1
| #define HAVE_UNISTD_H 1
| #define HAVE_ALLOCA_H 1
| #define HAVE_ALLOCA 1
| #define HAVE_ARGZ_H 1
| #define HAVE_FCNTL_H 1
| #define HAVE_FLOAT_H 1
| #define HAVE_INTTYPES_H 1
| #define HAVE_LANGINFO_H 1
| #define HAVE_LIBINTL_H 1
| #define HAVE_LIMITS_H 1
| #define HAVE_LOCALE_H 1
| #define HAVE_MALLOC_H 1
| #define HAVE_NETINET_IN_H 1
| #define HAVE_STDDEF_H 1
| #define HAVE_STDINT_H 1
| #define HAVE_STDIO_EXT_H 1
| #define HAVE_STDLIB_H 1
| #define HAVE_STRING_H 1
| #define HAVE_SYS_IOCTL_H 1
| #define HAVE_SYS_PARAM_H 1
| #define HAVE_SYS_SOCKET_H 1
| #define HAVE_SYS_TIME_H 1
| #define HAVE_UNISTD_H 1
| #define HAVE__BOOL 1
| #define HAVE_PTRDIFF_T 1
| #define HAVE_VISIBILITY 1
| #define HAVE_STDINT_H_WITH_UINTMAX 1
| #define HAVE_STDLIB_H 1
| #define HAVE_UNISTD_H 1
| #define HAVE_SYS_PARAM_H 1
| #define HAVE_GETPAGESIZE 1
| #define HAVE_MMAP 1
| #define INTDIV0_RAISES_SIGFPE 1
| #define HAVE_INTTYPES_H_WITH_UINTMAX 1
| #define HAVE_UNSIGNED_LONG_LONG_INT 1
| #define HAVE_UINTMAX_T 1
| #define HAVE_INTTYPES_H 1
| #define __EXTENSIONS__ 1
| #define _ALL_SOURCE 1
| #define _GNU_SOURCE 1
| #define _POSIX_PTHREAD_SEMANTICS 1
| #define _TANDEM_SOURCE 1
| /* end confdefs.h.  */
| #include <pthread.h>
| int
| main ()
| {
| pthread_mutex_lock((pthread_mutex_t*)0);
|                pthread_mutexattr_init((pthread_mutexattr_t*)0);
|   ;
|   return 0;
| }
configure:8833: checking for pthread_kill in -lpthread
configure:8858: gcc -o conftest -g -O2   conftest.c -lpthread  -lrt -lm -ldl -lX11  >&5
configure:8858: $? = 0
configure:8867: result: yes
configure:9557: checking for multithread API to use
configure:9559: result: posix
configure:9575: checking for pthread_rwlock_t
configure:9575: gcc -c -g -O2  conftest.c >&5
configure:9575: $? = 0
configure:9575: gcc -c -g -O2  conftest.c >&5
conftest.c: In function 'main':
conftest.c:73:31: error: expected expression before ')' token
 if (sizeof ((pthread_rwlock_t)))
                               ^
configure:9575: $? = 1
configure: failed program was:
| /* confdefs.h */
| #define PACKAGE_NAME "ags"
| #define PACKAGE_TARNAME "ags"
| #define PACKAGE_VERSION "0.4.2"
| #define PACKAGE_STRING "ags 0.4.2"
| #define PACKAGE_BUGREPORT "weedlight@gmail.com"
| #define PACKAGE_URL ""
| #define PACKAGE "ags"
| #define VERSION "0.4.2"
| #define HAVE_LIBX11 1
| #define HAVE_LIBDL 1
| #define HAVE_LIBM 1
| #define HAVE_LIBRT 1
| #define STDC_HEADERS 1
| #define HAVE_SYS_TYPES_H 1
| #define HAVE_SYS_STAT_H 1
| #define HAVE_STDLIB_H 1
| #define HAVE_STRING_H 1
| #define HAVE_MEMORY_H 1
| #define HAVE_STRINGS_H 1
| #define HAVE_INTTYPES_H 1
| #define HAVE_STDINT_H 1
| #define HAVE_UNISTD_H 1
| #define HAVE_ALLOCA_H 1
| #define HAVE_ALLOCA 1
| #define HAVE_ARGZ_H 1
| #define HAVE_FCNTL_H 1
| #define HAVE_FLOAT_H 1
| #define HAVE_INTTYPES_H 1
| #define HAVE_LANGINFO_H 1
| #define HAVE_LIBINTL_H 1
| #define HAVE_LIMITS_H 1
| #define HAVE_LOCALE_H 1
| #define HAVE_MALLOC_H 1
| #define HAVE_NETINET_IN_H 1
| #define HAVE_STDDEF_H 1
| #define HAVE_STDINT_H 1
| #define HAVE_STDIO_EXT_H 1
| #define HAVE_STDLIB_H 1
| #define HAVE_STRING_H 1
| #define HAVE_SYS_IOCTL_H 1
| #define HAVE_SYS_PARAM_H 1
| #define HAVE_SYS_SOCKET_H 1
| #define HAVE_SYS_TIME_H 1
| #define HAVE_UNISTD_H 1
| #define HAVE__BOOL 1
| #define HAVE_PTRDIFF_T 1
| #define HAVE_VISIBILITY 1
| #define HAVE_STDINT_H_WITH_UINTMAX 1
| #define HAVE_STDLIB_H 1
| #define HAVE_UNISTD_H 1
| #define HAVE_SYS_PARAM_H 1
| #define HAVE_GETPAGESIZE 1
| #define HAVE_MMAP 1
| #define INTDIV0_RAISES_SIGFPE 1
| #define HAVE_INTTYPES_H_WITH_UINTMAX 1
| #define HAVE_UNSIGNED_LONG_LONG_INT 1
| #define HAVE_UINTMAX_T 1
| #define HAVE_INTTYPES_H 1
| #define __EXTENSIONS__ 1
| #define _ALL_SOURCE 1
| #define _GNU_SOURCE 1
| #define _POSIX_PTHREAD_SEMANTICS 1
| #define _TANDEM_SOURCE 1
| #define USE_POSIX_THREADS 1
| #define USE_POSIX_THREADS_WEAK 1
| /* end confdefs.h.  */
| #include <pthread.h>
| 
| int
| main ()
| {
| if (sizeof ((pthread_rwlock_t)))
| 	    return 0;
|   ;
|   return 0;
| }
configure:9575: result: yes
configure:9606: gcc -c -g -O2  conftest.c >&5
configure:9606: $? = 0
configure:10111: checking for iconv
configure:10135: gcc -o conftest -g -O2   conftest.c -lrt -lm -ldl -lX11  >&5
configure:10135: $? = 0
configure:10169: result: yes
configure:10172: checking for working iconv
configure:10292: gcc -o conftest -g -O2   conftest.c -lrt -lm -ldl -lX11  >&5
configure:10292: $? = 0
configure:10292: ./conftest
configure:10292: $? = 0
configure:10304: result: yes
configure:10332: checking for iconv declaration
configure:10361: gcc -c -g -O2  conftest.c >&5
configure:10361: $? = 0
configure:10372: result:
         extern size_t iconv (iconv_t cd, char * *inbuf, size_t *inbytesleft, char * *outbuf, size_t *outbytesleft);
configure:10397: gcc -o conftest -g -O2   conftest.c -lrt -lm -ldl -lX11  >&5
configure:10397: $? = 0
configure:10408: checking for argz.h
configure:10408: result: yes
configure:10408: checking for inttypes.h
configure:10408: result: yes
configure:10408: checking for limits.h
configure:10408: result: yes
configure:10408: checking for unistd.h
configure:10408: result: yes
configure:10408: checking for sys/param.h
configure:10408: result: yes
configure:10423: checking for getcwd
configure:10423: gcc -o conftest -g -O2   conftest.c -lrt -lm -ldl -lX11  >&5
configure:10423: $? = 0
configure:10423: result: yes
configure:10423: checking for getegid
configure:10423: gcc -o conftest -g -O2   conftest.c -lrt -lm -ldl -lX11  >&5
configure:10423: $? = 0
configure:10423: result: yes
configure:10423: checking for geteuid
configure:10423: gcc -o conftest -g -O2   conftest.c -lrt -lm -ldl -lX11  >&5
configure:10423: $? = 0
configure:10423: result: yes
configure:10423: checking for getgid
configure:10423: gcc -o conftest -g -O2   conftest.c -lrt -lm -ldl -lX11  >&5
configure:10423: $? = 0
configure:10423: result: yes
configure:10423: checking for getuid
configure:10423: gcc -o conftest -g -O2   conftest.c -lrt -lm -ldl -lX11  >&5
configure:10423: $? = 0
configure:10423: result: yes
configure:10423: checking for mempcpy
configure:10423: gcc -o conftest -g -O2   conftest.c -lrt -lm -ldl -lX11  >&5
conftest.c:106:6: warning: conflicting types for built-in function 'mempcpy' [enabled by default]
 char mempcpy ();
      ^
configure:10423: $? = 0
configure:10423: result: yes
configure:10423: checking for munmap
configure:10423: gcc -o conftest -g -O2   conftest.c -lrt -lm -ldl -lX11  >&5
configure:10423: $? = 0
configure:10423: result: yes
configure:10423: checking for stpcpy
configure:10423: gcc -o conftest -g -O2   conftest.c -lrt -lm -ldl -lX11  >&5
conftest.c:108:6: warning: conflicting types for built-in function 'stpcpy' [enabled by default]
 char stpcpy ();
      ^
configure:10423: $? = 0
configure:10423: result: yes
configure:10423: checking for strcasecmp
configure:10423: gcc -o conftest -g -O2   conftest.c -lrt -lm -ldl -lX11  >&5
conftest.c:109:6: warning: conflicting types for built-in function 'strcasecmp' [enabled by default]
 char strcasecmp ();
      ^
configure:10423: $? = 0
configure:10423: result: yes
configure:10423: checking for strdup
configure:10423: gcc -o conftest -g -O2   conftest.c -lrt -lm -ldl -lX11  >&5
conftest.c:110:6: warning: conflicting types for built-in function 'strdup' [enabled by default]
 char strdup ();
      ^
configure:10423: $? = 0
configure:10423: result: yes
configure:10423: checking for strtoul
configure:10423: gcc -o conftest -g -O2   conftest.c -lrt -lm -ldl -lX11  >&5
configure:10423: $? = 0
configure:10423: result: yes
configure:10423: checking for tsearch
configure:10423: gcc -o conftest -g -O2   conftest.c -lrt -lm -ldl -lX11  >&5
configure:10423: $? = 0
configure:10423: result: yes
configure:10423: checking for uselocale
configure:10423: gcc -o conftest -g -O2   conftest.c -lrt -lm -ldl -lX11  >&5
configure:10423: $? = 0
configure:10423: result: yes
configure:10423: checking for argz_count
configure:10423: gcc -o conftest -g -O2   conftest.c -lrt -lm -ldl -lX11  >&5
configure:10423: $? = 0
configure:10423: result: yes
configure:10423: checking for argz_stringify
configure:10423: gcc -o conftest -g -O2   conftest.c -lrt -lm -ldl -lX11  >&5
configure:10423: $? = 0
configure:10423: result: yes
configure:10423: checking for argz_next
configure:10423: gcc -o conftest -g -O2   conftest.c -lrt -lm -ldl -lX11  >&5
configure:10423: $? = 0
configure:10423: result: yes
configure:10423: checking for __fsetlocking
configure:10423: gcc -o conftest -g -O2   conftest.c -lrt -lm -ldl -lX11  >&5
configure:10423: $? = 0
configure:10423: result: yes
configure:10433: checking whether feof_unlocked is declared
configure:10433: gcc -c -g -O2  conftest.c >&5
configure:10433: $? = 0
configure:10433: result: yes
configure:10444: checking whether fgets_unlocked is declared
configure:10444: gcc -c -g -O2  conftest.c >&5
configure:10444: $? = 0
configure:10444: result: yes
configure:10463: checking for bison
configure:10493: result: no
configure:10522: checking for long long int
configure:10560: gcc -o conftest -g -O2   conftest.c -lrt -lm -ldl -lX11  >&5
configure:10560: $? = 0
configure:10560: ./conftest
configure:10560: $? = 0
configure:10572: result: yes
configure:10581: checking for wchar_t
configure:10598: gcc -c -g -O2  conftest.c >&5
configure:10598: $? = 0
configure:10605: result: yes
configure:10614: checking for wint_t
configure:10639: gcc -c -g -O2  conftest.c >&5
configure:10639: $? = 0
configure:10646: result: yes
configure:10657: checking for intmax_t
configure:10683: gcc -c -g -O2  conftest.c >&5
configure:10683: $? = 0
configure:10690: result: yes
configure:10700: checking whether printf() supports POSIX/XSI format strings
configure:10741: gcc -o conftest -g -O2   conftest.c -lrt -lm -ldl -lX11  >&5
configure:10741: $? = 0
configure:10741: ./conftest
configure:10741: $? = 0
configure:10752: result: yes
configure:10763: checking whether we are using the GNU C Library >= 2.1 or uClibc
configure:10793: result: yes
configure:10802: checking for stdint.h
configure:10802: result: yes
configure:10812: checking for SIZE_MAX
configure:10883: result: yes
configure:10898: checking for stdint.h
configure:10898: result: yes
configure:10915: checking for symlink
configure:10915: gcc -o conftest -g -O2   conftest.c -lrt -lm -ldl -lX11  >&5
configure:10915: $? = 0
configure:10915: result: yes
configure:10931: checking for working fcntl.h
configure:11034: gcc -o conftest -g -O2   conftest.c -lrt -lm -ldl -lX11  >&5
configure:11034: $? = 0
configure:11034: ./conftest
configure:11034: $? = 0
configure:11049: result: yes
configure:11073: checking for CFPreferencesCopyAppValue
configure:11091: gcc -o conftest -g -O2   conftest.c -lrt -lm -ldl -lX11  -Wl,-framework -Wl,CoreFoundation >&5
conftest.c:107:42: fatal error: CoreFoundation/CFPreferences.h: No such file or directory
 #include <CoreFoundation/CFPreferences.h>
                                          ^
compilation terminated.
configure:11091: $? = 1
configure: failed program was:
| /* confdefs.h */
| #define PACKAGE_NAME "ags"
| #define PACKAGE_TARNAME "ags"
| #define PACKAGE_VERSION "0.4.2"
| #define PACKAGE_STRING "ags 0.4.2"
| #define PACKAGE_BUGREPORT "weedlight@gmail.com"
| #define PACKAGE_URL ""
| #define PACKAGE "ags"
| #define VERSION "0.4.2"
| #define HAVE_LIBX11 1
| #define HAVE_LIBDL 1
| #define HAVE_LIBM 1
| #define HAVE_LIBRT 1
| #define STDC_HEADERS 1
| #define HAVE_SYS_TYPES_H 1
| #define HAVE_SYS_STAT_H 1
| #define HAVE_STDLIB_H 1
| #define HAVE_STRING_H 1
| #define HAVE_MEMORY_H 1
| #define HAVE_STRINGS_H 1
| #define HAVE_INTTYPES_H 1
| #define HAVE_STDINT_H 1
| #define HAVE_UNISTD_H 1
| #define HAVE_ALLOCA_H 1
| #define HAVE_ALLOCA 1
| #define HAVE_ARGZ_H 1
| #define HAVE_FCNTL_H 1
| #define HAVE_FLOAT_H 1
| #define HAVE_INTTYPES_H 1
| #define HAVE_LANGINFO_H 1
| #define HAVE_LIBINTL_H 1
| #define HAVE_LIMITS_H 1
| #define HAVE_LOCALE_H 1
| #define HAVE_MALLOC_H 1
| #define HAVE_NETINET_IN_H 1
| #define HAVE_STDDEF_H 1
| #define HAVE_STDINT_H 1
| #define HAVE_STDIO_EXT_H 1
| #define HAVE_STDLIB_H 1
| #define HAVE_STRING_H 1
| #define HAVE_SYS_IOCTL_H 1
| #define HAVE_SYS_PARAM_H 1
| #define HAVE_SYS_SOCKET_H 1
| #define HAVE_SYS_TIME_H 1
| #define HAVE_UNISTD_H 1
| #define HAVE__BOOL 1
| #define HAVE_PTRDIFF_T 1
| #define HAVE_VISIBILITY 1
| #define HAVE_STDINT_H_WITH_UINTMAX 1
| #define HAVE_STDLIB_H 1
| #define HAVE_UNISTD_H 1
| #define HAVE_SYS_PARAM_H 1
| #define HAVE_GETPAGESIZE 1
| #define HAVE_MMAP 1
| #define INTDIV0_RAISES_SIGFPE 1
| #define HAVE_INTTYPES_H_WITH_UINTMAX 1
| #define HAVE_UNSIGNED_LONG_LONG_INT 1
| #define HAVE_UINTMAX_T 1
| #define HAVE_INTTYPES_H 1
| #define __EXTENSIONS__ 1
| #define _ALL_SOURCE 1
| #define _GNU_SOURCE 1
| #define _POSIX_PTHREAD_SEMANTICS 1
| #define _TANDEM_SOURCE 1
| #define USE_POSIX_THREADS 1
| #define USE_POSIX_THREADS_WEAK 1
| #define HAVE_PTHREAD_RWLOCK 1
| #define HAVE_PTHREAD_MUTEX_RECURSIVE 1
| #define HAVE_ICONV 1
| #define ICONV_CONST 
| #define HAVE_BUILTIN_EXPECT 1
| #define HAVE_ARGZ_H 1
| #define HAVE_INTTYPES_H 1
| #define HAVE_LIMITS_H 1
| #define HAVE_UNISTD_H 1
| #define HAVE_SYS_PARAM_H 1
| #define HAVE_GETCWD 1
| #define HAVE_GETEGID 1
| #define HAVE_GETEUID 1
| #define HAVE_GETGID 1
| #define HAVE_GETUID 1
| #define HAVE_MEMPCPY 1
| #define HAVE_MUNMAP 1
| #define HAVE_STPCPY 1
| #define HAVE_STRCASECMP 1
| #define HAVE_STRDUP 1
| #define HAVE_STRTOUL 1
| #define HAVE_TSEARCH 1
| #define HAVE_USELOCALE 1
| #define HAVE_ARGZ_COUNT 1
| #define HAVE_ARGZ_STRINGIFY 1
| #define HAVE_ARGZ_NEXT 1
| #define HAVE___FSETLOCKING 1
| #define HAVE_DECL_FEOF_UNLOCKED 1
| #define HAVE_DECL_FGETS_UNLOCKED 1
| #define HAVE_LONG_LONG_INT 1
| #define HAVE_WCHAR_T 1
| #define HAVE_WINT_T 1
| #define HAVE_INTMAX_T 1
| #define HAVE_POSIX_PRINTF 1
| #define HAVE_STDINT_H 1
| #define HAVE_STDINT_H 1
| #define HAVE_SYMLINK 1
| #define HAVE_WORKING_O_NOATIME 1
| #define HAVE_WORKING_O_NOFOLLOW 1
| /* end confdefs.h.  */
| #include <CoreFoundation/CFPreferences.h>
| int
| main ()
| {
| CFPreferencesCopyAppValue(NULL, NULL)
|   ;
|   return 0;
| }
configure:11100: result: no
configure:11107: checking for CFLocaleCopyCurrent
configure:11125: gcc -o conftest -g -O2   conftest.c -lrt -lm -ldl -lX11  -Wl,-framework -Wl,CoreFoundation >&5
conftest.c:107:37: fatal error: CoreFoundation/CFLocale.h: No such file or directory
 #include <CoreFoundation/CFLocale.h>
                                     ^
compilation terminated.
configure:11125: $? = 1
configure: failed program was:
| /* confdefs.h */
| #define PACKAGE_NAME "ags"
| #define PACKAGE_TARNAME "ags"
| #define PACKAGE_VERSION "0.4.2"
| #define PACKAGE_STRING "ags 0.4.2"
| #define PACKAGE_BUGREPORT "weedlight@gmail.com"
| #define PACKAGE_URL ""
| #define PACKAGE "ags"
| #define VERSION "0.4.2"
| #define HAVE_LIBX11 1
| #define HAVE_LIBDL 1
| #define HAVE_LIBM 1
| #define HAVE_LIBRT 1
| #define STDC_HEADERS 1
| #define HAVE_SYS_TYPES_H 1
| #define HAVE_SYS_STAT_H 1
| #define HAVE_STDLIB_H 1
| #define HAVE_STRING_H 1
| #define HAVE_MEMORY_H 1
| #define HAVE_STRINGS_H 1
| #define HAVE_INTTYPES_H 1
| #define HAVE_STDINT_H 1
| #define HAVE_UNISTD_H 1
| #define HAVE_ALLOCA_H 1
| #define HAVE_ALLOCA 1
| #define HAVE_ARGZ_H 1
| #define HAVE_FCNTL_H 1
| #define HAVE_FLOAT_H 1
| #define HAVE_INTTYPES_H 1
| #define HAVE_LANGINFO_H 1
| #define HAVE_LIBINTL_H 1
| #define HAVE_LIMITS_H 1
| #define HAVE_LOCALE_H 1
| #define HAVE_MALLOC_H 1
| #define HAVE_NETINET_IN_H 1
| #define HAVE_STDDEF_H 1
| #define HAVE_STDINT_H 1
| #define HAVE_STDIO_EXT_H 1
| #define HAVE_STDLIB_H 1
| #define HAVE_STRING_H 1
| #define HAVE_SYS_IOCTL_H 1
| #define HAVE_SYS_PARAM_H 1
| #define HAVE_SYS_SOCKET_H 1
| #define HAVE_SYS_TIME_H 1
| #define HAVE_UNISTD_H 1
| #define HAVE__BOOL 1
| #define HAVE_PTRDIFF_T 1
| #define HAVE_VISIBILITY 1
| #define HAVE_STDINT_H_WITH_UINTMAX 1
| #define HAVE_STDLIB_H 1
| #define HAVE_UNISTD_H 1
| #define HAVE_SYS_PARAM_H 1
| #define HAVE_GETPAGESIZE 1
| #define HAVE_MMAP 1
| #define INTDIV0_RAISES_SIGFPE 1
| #define HAVE_INTTYPES_H_WITH_UINTMAX 1
| #define HAVE_UNSIGNED_LONG_LONG_INT 1
| #define HAVE_UINTMAX_T 1
| #define HAVE_INTTYPES_H 1
| #define __EXTENSIONS__ 1
| #define _ALL_SOURCE 1
| #define _GNU_SOURCE 1
| #define _POSIX_PTHREAD_SEMANTICS 1
| #define _TANDEM_SOURCE 1
| #define USE_POSIX_THREADS 1
| #define USE_POSIX_THREADS_WEAK 1
| #define HAVE_PTHREAD_RWLOCK 1
| #define HAVE_PTHREAD_MUTEX_RECURSIVE 1
| #define HAVE_ICONV 1
| #define ICONV_CONST 
| #define HAVE_BUILTIN_EXPECT 1
| #define HAVE_ARGZ_H 1
| #define HAVE_INTTYPES_H 1
| #define HAVE_LIMITS_H 1
| #define HAVE_UNISTD_H 1
| #define HAVE_SYS_PARAM_H 1
| #define HAVE_GETCWD 1
| #define HAVE_GETEGID 1
| #define HAVE_GETEUID 1
| #define HAVE_GETGID 1
| #define HAVE_GETUID 1
| #define HAVE_MEMPCPY 1
| #define HAVE_MUNMAP 1
| #define HAVE_STPCPY 1
| #define HAVE_STRCASECMP 1
| #define HAVE_STRDUP 1
| #define HAVE_STRTOUL 1
| #define HAVE_TSEARCH 1
| #define HAVE_USELOCALE 1
| #define HAVE_ARGZ_COUNT 1
| #define HAVE_ARGZ_STRINGIFY 1
| #define HAVE_ARGZ_NEXT 1
| #define HAVE___FSETLOCKING 1
| #define HAVE_DECL_FEOF_UNLOCKED 1
| #define HAVE_DECL_FGETS_UNLOCKED 1
| #define HAVE_LONG_LONG_INT 1
| #define HAVE_WCHAR_T 1
| #define HAVE_WINT_T 1
| #define HAVE_INTMAX_T 1
| #define HAVE_POSIX_PRINTF 1
| #define HAVE_STDINT_H 1
| #define HAVE_STDINT_H 1
| #define HAVE_SYMLINK 1
| #define HAVE_WORKING_O_NOATIME 1
| #define HAVE_WORKING_O_NOFOLLOW 1
| /* end confdefs.h.  */
| #include <CoreFoundation/CFLocale.h>
| int
| main ()
| {
| CFLocaleCopyCurrent();
|   ;
|   return 0;
| }
configure:11134: result: no
configure:11162: checking for ptrdiff_t
configure:11162: result: yes
configure:11175: checking features.h usability
configure:11175: gcc -c -g -O2  conftest.c >&5
configure:11175: $? = 0
configure:11175: result: yes
configure:11175: checking features.h presence
configure:11175: gcc -E  conftest.c
configure:11175: $? = 0
configure:11175: result: yes
configure:11175: checking for features.h
configure:11175: result: yes
configure:11175: checking for stddef.h
configure:11175: result: yes
configure:11175: checking for stdlib.h
configure:11175: result: yes
configure:11175: checking for string.h
configure:11175: result: yes
configure:11189: checking for asprintf
configure:11189: gcc -o conftest -g -O2   conftest.c -lrt -lm -ldl -lX11  >&5
configure:11189: $? = 0
configure:11189: result: yes
configure:11189: checking for fwprintf
configure:11189: gcc -o conftest -g -O2   conftest.c -lrt -lm -ldl -lX11  >&5
configure:11189: $? = 0
configure:11189: result: yes
configure:11189: checking for newlocale
configure:11189: gcc -o conftest -g -O2   conftest.c -lrt -lm -ldl -lX11  >&5
configure:11189: $? = 0
configure:11189: result: yes
configure:11189: checking for putenv
configure:11189: gcc -o conftest -g -O2   conftest.c -lrt -lm -ldl -lX11  >&5
configure:11189: $? = 0
configure:11189: result: yes
configure:11189: checking for setenv
configure:11189: gcc -o conftest -g -O2   conftest.c -lrt -lm -ldl -lX11  >&5
configure:11189: $? = 0
configure:11189: result: yes
configure:11189: checking for setlocale
configure:11189: gcc -o conftest -g -O2   conftest.c -lrt -lm -ldl -lX11  >&5
configure:11189: $? = 0
configure:11189: result: yes
configure:11189: checking for snprintf
configure:11189: gcc -o conftest -g -O2   conftest.c -lrt -lm -ldl -lX11  >&5
conftest.c:140:6: warning: conflicting types for built-in function 'snprintf' [enabled by default]
 char snprintf ();
      ^
configure:11189: $? = 0
configure:11189: result: yes
configure:11189: checking for strnlen
configure:11189: gcc -o conftest -g -O2   conftest.c -lrt -lm -ldl -lX11  >&5
configure:11189: $? = 0
configure:11189: result: yes
configure:11189: checking for wcslen
configure:11189: gcc -o conftest -g -O2   conftest.c -lrt -lm -ldl -lX11  >&5
configure:11189: $? = 0
configure:11189: result: yes
configure:11189: checking for wcsnlen
configure:11189: gcc -o conftest -g -O2   conftest.c -lrt -lm -ldl -lX11  >&5
configure:11189: $? = 0
configure:11189: result: yes
configure:11189: checking for mbrtowc
configure:11189: gcc -o conftest -g -O2   conftest.c -lrt -lm -ldl -lX11  >&5
configure:11189: $? = 0
configure:11189: result: yes
configure:11189: checking for wcrtomb
configure:11189: gcc -o conftest -g -O2   conftest.c -lrt -lm -ldl -lX11  >&5
configure:11189: $? = 0
configure:11189: result: yes
configure:11199: checking whether _snprintf is declared
configure:11199: gcc -c -g -O2  conftest.c >&5
conftest.c: In function 'main':
conftest.c:132:10: error: '_snprintf' undeclared (first use in this function)
   (void) _snprintf;
          ^
conftest.c:132:10: note: each undeclared identifier is reported only once for each function it appears in
configure:11199: $? = 1
configure: failed program was:
| /* confdefs.h */
| #define PACKAGE_NAME "ags"
| #define PACKAGE_TARNAME "ags"
| #define PACKAGE_VERSION "0.4.2"
| #define PACKAGE_STRING "ags 0.4.2"
| #define PACKAGE_BUGREPORT "weedlight@gmail.com"
| #define PACKAGE_URL ""
| #define PACKAGE "ags"
| #define VERSION "0.4.2"
| #define HAVE_LIBX11 1
| #define HAVE_LIBDL 1
| #define HAVE_LIBM 1
| #define HAVE_LIBRT 1
| #define STDC_HEADERS 1
| #define HAVE_SYS_TYPES_H 1
| #define HAVE_SYS_STAT_H 1
| #define HAVE_STDLIB_H 1
| #define HAVE_STRING_H 1
| #define HAVE_MEMORY_H 1
| #define HAVE_STRINGS_H 1
| #define HAVE_INTTYPES_H 1
| #define HAVE_STDINT_H 1
| #define HAVE_UNISTD_H 1
| #define HAVE_ALLOCA_H 1
| #define HAVE_ALLOCA 1
| #define HAVE_ARGZ_H 1
| #define HAVE_FCNTL_H 1
| #define HAVE_FLOAT_H 1
| #define HAVE_INTTYPES_H 1
| #define HAVE_LANGINFO_H 1
| #define HAVE_LIBINTL_H 1
| #define HAVE_LIMITS_H 1
| #define HAVE_LOCALE_H 1
| #define HAVE_MALLOC_H 1
| #define HAVE_NETINET_IN_H 1
| #define HAVE_STDDEF_H 1
| #define HAVE_STDINT_H 1
| #define HAVE_STDIO_EXT_H 1
| #define HAVE_STDLIB_H 1
| #define HAVE_STRING_H 1
| #define HAVE_SYS_IOCTL_H 1
| #define HAVE_SYS_PARAM_H 1
| #define HAVE_SYS_SOCKET_H 1
| #define HAVE_SYS_TIME_H 1
| #define HAVE_UNISTD_H 1
| #define HAVE__BOOL 1
| #define HAVE_PTRDIFF_T 1
| #define HAVE_VISIBILITY 1
| #define HAVE_STDINT_H_WITH_UINTMAX 1
| #define HAVE_STDLIB_H 1
| #define HAVE_UNISTD_H 1
| #define HAVE_SYS_PARAM_H 1
| #define HAVE_GETPAGESIZE 1
| #define HAVE_MMAP 1
| #define INTDIV0_RAISES_SIGFPE 1
| #define HAVE_INTTYPES_H_WITH_UINTMAX 1
| #define HAVE_UNSIGNED_LONG_LONG_INT 1
| #define HAVE_UINTMAX_T 1
| #define HAVE_INTTYPES_H 1
| #define __EXTENSIONS__ 1
| #define _ALL_SOURCE 1
| #define _GNU_SOURCE 1
| #define _POSIX_PTHREAD_SEMANTICS 1
| #define _TANDEM_SOURCE 1
| #define USE_POSIX_THREADS 1
| #define USE_POSIX_THREADS_WEAK 1
| #define HAVE_PTHREAD_RWLOCK 1
| #define HAVE_PTHREAD_MUTEX_RECURSIVE 1
| #define HAVE_ICONV 1
| #define ICONV_CONST 
| #define HAVE_BUILTIN_EXPECT 1
| #define HAVE_ARGZ_H 1
| #define HAVE_INTTYPES_H 1
| #define HAVE_LIMITS_H 1
| #define HAVE_UNISTD_H 1
| #define HAVE_SYS_PARAM_H 1
| #define HAVE_GETCWD 1
| #define HAVE_GETEGID 1
| #define HAVE_GETEUID 1
| #define HAVE_GETGID 1
| #define HAVE_GETUID 1
| #define HAVE_MEMPCPY 1
| #define HAVE_MUNMAP 1
| #define HAVE_STPCPY 1
| #define HAVE_STRCASECMP 1
| #define HAVE_STRDUP 1
| #define HAVE_STRTOUL 1
| #define HAVE_TSEARCH 1
| #define HAVE_USELOCALE 1
| #define HAVE_ARGZ_COUNT 1
| #define HAVE_ARGZ_STRINGIFY 1
| #define HAVE_ARGZ_NEXT 1
| #define HAVE___FSETLOCKING 1
| #define HAVE_DECL_FEOF_UNLOCKED 1
| #define HAVE_DECL_FGETS_UNLOCKED 1
| #define HAVE_LONG_LONG_INT 1
| #define HAVE_WCHAR_T 1
| #define HAVE_WINT_T 1
| #define HAVE_INTMAX_T 1
| #define HAVE_POSIX_PRINTF 1
| #define HAVE_STDINT_H 1
| #define HAVE_STDINT_H 1
| #define HAVE_SYMLINK 1
| #define HAVE_WORKING_O_NOATIME 1
| #define HAVE_WORKING_O_NOFOLLOW 1
| #define HAVE_FEATURES_H 1
| #define HAVE_STDDEF_H 1
| #define HAVE_STDLIB_H 1
| #define HAVE_STRING_H 1
| #define HAVE_ASPRINTF 1
| #define HAVE_FWPRINTF 1
| #define HAVE_NEWLOCALE 1
| #define HAVE_PUTENV 1
| #define HAVE_SETENV 1
| #define HAVE_SETLOCALE 1
| #define HAVE_SNPRINTF 1
| #define HAVE_STRNLEN 1
| #define HAVE_WCSLEN 1
| #define HAVE_WCSNLEN 1
| #define HAVE_MBRTOWC 1
| #define HAVE_WCRTOMB 1
| /* end confdefs.h.  */
| #include <stdio.h>
| 
| int
| main ()
| {
| #ifndef _snprintf
| #ifdef __cplusplus
|   (void) _snprintf;
| #else
|   (void) _snprintf;
| #endif
| #endif
| 
|   ;
|   return 0;
| }
configure:11199: result: no
configure:11210: checking whether _snwprintf is declared
configure:11210: gcc -c -g -O2  conftest.c >&5
conftest.c: In function 'main':
conftest.c:133:10: error: '_snwprintf' undeclared (first use in this function)
   (void) _snwprintf;
          ^
conftest.c:133:10: note: each undeclared identifier is reported only once for each function it appears in
configure:11210: $? = 1
configure: failed program was:
| /* confdefs.h */
| #define PACKAGE_NAME "ags"
| #define PACKAGE_TARNAME "ags"
| #define PACKAGE_VERSION "0.4.2"
| #define PACKAGE_STRING "ags 0.4.2"
| #define PACKAGE_BUGREPORT "weedlight@gmail.com"
| #define PACKAGE_URL ""
| #define PACKAGE "ags"
| #define VERSION "0.4.2"
| #define HAVE_LIBX11 1
| #define HAVE_LIBDL 1
| #define HAVE_LIBM 1
| #define HAVE_LIBRT 1
| #define STDC_HEADERS 1
| #define HAVE_SYS_TYPES_H 1
| #define HAVE_SYS_STAT_H 1
| #define HAVE_STDLIB_H 1
| #define HAVE_STRING_H 1
| #define HAVE_MEMORY_H 1
| #define HAVE_STRINGS_H 1
| #define HAVE_INTTYPES_H 1
| #define HAVE_STDINT_H 1
| #define HAVE_UNISTD_H 1
| #define HAVE_ALLOCA_H 1
| #define HAVE_ALLOCA 1
| #define HAVE_ARGZ_H 1
| #define HAVE_FCNTL_H 1
| #define HAVE_FLOAT_H 1
| #define HAVE_INTTYPES_H 1
| #define HAVE_LANGINFO_H 1
| #define HAVE_LIBINTL_H 1
| #define HAVE_LIMITS_H 1
| #define HAVE_LOCALE_H 1
| #define HAVE_MALLOC_H 1
| #define HAVE_NETINET_IN_H 1
| #define HAVE_STDDEF_H 1
| #define HAVE_STDINT_H 1
| #define HAVE_STDIO_EXT_H 1
| #define HAVE_STDLIB_H 1
| #define HAVE_STRING_H 1
| #define HAVE_SYS_IOCTL_H 1
| #define HAVE_SYS_PARAM_H 1
| #define HAVE_SYS_SOCKET_H 1
| #define HAVE_SYS_TIME_H 1
| #define HAVE_UNISTD_H 1
| #define HAVE__BOOL 1
| #define HAVE_PTRDIFF_T 1
| #define HAVE_VISIBILITY 1
| #define HAVE_STDINT_H_WITH_UINTMAX 1
| #define HAVE_STDLIB_H 1
| #define HAVE_UNISTD_H 1
| #define HAVE_SYS_PARAM_H 1
| #define HAVE_GETPAGESIZE 1
| #define HAVE_MMAP 1
| #define INTDIV0_RAISES_SIGFPE 1
| #define HAVE_INTTYPES_H_WITH_UINTMAX 1
| #define HAVE_UNSIGNED_LONG_LONG_INT 1
| #define HAVE_UINTMAX_T 1
| #define HAVE_INTTYPES_H 1
| #define __EXTENSIONS__ 1
| #define _ALL_SOURCE 1
| #define _GNU_SOURCE 1
| #define _POSIX_PTHREAD_SEMANTICS 1
| #define _TANDEM_SOURCE 1
| #define USE_POSIX_THREADS 1
| #define USE_POSIX_THREADS_WEAK 1
| #define HAVE_PTHREAD_RWLOCK 1
| #define HAVE_PTHREAD_MUTEX_RECURSIVE 1
| #define HAVE_ICONV 1
| #define ICONV_CONST 
| #define HAVE_BUILTIN_EXPECT 1
| #define HAVE_ARGZ_H 1
| #define HAVE_INTTYPES_H 1
| #define HAVE_LIMITS_H 1
| #define HAVE_UNISTD_H 1
| #define HAVE_SYS_PARAM_H 1
| #define HAVE_GETCWD 1
| #define HAVE_GETEGID 1
| #define HAVE_GETEUID 1
| #define HAVE_GETGID 1
| #define HAVE_GETUID 1
| #define HAVE_MEMPCPY 1
| #define HAVE_MUNMAP 1
| #define HAVE_STPCPY 1
| #define HAVE_STRCASECMP 1
| #define HAVE_STRDUP 1
| #define HAVE_STRTOUL 1
| #define HAVE_TSEARCH 1
| #define HAVE_USELOCALE 1
| #define HAVE_ARGZ_COUNT 1
| #define HAVE_ARGZ_STRINGIFY 1
| #define HAVE_ARGZ_NEXT 1
| #define HAVE___FSETLOCKING 1
| #define HAVE_DECL_FEOF_UNLOCKED 1
| #define HAVE_DECL_FGETS_UNLOCKED 1
| #define HAVE_LONG_LONG_INT 1
| #define HAVE_WCHAR_T 1
| #define HAVE_WINT_T 1
| #define HAVE_INTMAX_T 1
| #define HAVE_POSIX_PRINTF 1
| #define HAVE_STDINT_H 1
| #define HAVE_STDINT_H 1
| #define HAVE_SYMLINK 1
| #define HAVE_WORKING_O_NOATIME 1
| #define HAVE_WORKING_O_NOFOLLOW 1
| #define HAVE_FEATURES_H 1
| #define HAVE_STDDEF_H 1
| #define HAVE_STDLIB_H 1
| #define HAVE_STRING_H 1
| #define HAVE_ASPRINTF 1
| #define HAVE_FWPRINTF 1
| #define HAVE_NEWLOCALE 1
| #define HAVE_PUTENV 1
| #define HAVE_SETENV 1
| #define HAVE_SETLOCALE 1
| #define HAVE_SNPRINTF 1
| #define HAVE_STRNLEN 1
| #define HAVE_WCSLEN 1
| #define HAVE_WCSNLEN 1
| #define HAVE_MBRTOWC 1
| #define HAVE_WCRTOMB 1
| #define HAVE_DECL__SNPRINTF 0
| /* end confdefs.h.  */
| #include <stdio.h>
| 
| int
| main ()
| {
| #ifndef _snwprintf
| #ifdef __cplusplus
|   (void) _snwprintf;
| #else
|   (void) _snwprintf;
| #endif
| #endif
| 
|   ;
|   return 0;
| }
configure:11210: result: no
configure:11223: checking whether getc_unlocked is declared
configure:11223: gcc -c -g -O2  conftest.c >&5
configure:11223: $? = 0
configure:11223: result: yes
configure:11267: checking for nl_langinfo and CODESET
configure:11283: gcc -o conftest -g -O2   conftest.c -lrt -lm -ldl -lX11  >&5
configure:11283: $? = 0
configure:11292: result: yes
configure:11301: checking for LC_MESSAGES
configure:11317: gcc -o conftest -g -O2   conftest.c -lrt -lm -ldl -lX11  >&5
configure:11317: $? = 0
configure:11325: result: yes
configure:11477: checking for CFPreferencesCopyAppValue
configure:11504: result: no
configure:11511: checking for CFLocaleCopyCurrent
configure:11538: result: no
configure:11573: checking whether included gettext is requested
configure:11583: result: no
configure:11606: checking for GNU gettext in libc
configure:11630: gcc -o conftest -g -O2   conftest.c -lrt -lm -ldl -lX11  >&5
configure:11630: $? = 0
configure:11639: result: yes
configure:12236: checking whether to use NLS
configure:12238: result: yes
configure:12241: checking where the gettext function comes from
configure:12252: result: libc
configure:12340: checking for stdlib.h
configure:12340: result: yes
configure:12350: checking for GNU libc compatible malloc
configure:12374: gcc -o conftest -g -O2   conftest.c -lrt -lm -ldl -lX11  >&5
configure:12374: $? = 0
configure:12374: ./conftest
configure:12374: $? = 0
configure:12384: result: yes
configure:12408: checking for getpagesize
configure:12408: result: yes
configure:12417: checking for working mmap
configure:12574: result: yes
configure:12585: checking for stdlib.h
configure:12585: result: yes
configure:12595: checking for GNU libc compatible realloc
configure:12619: gcc -o conftest -g -O2   conftest.c -lrt -lm -ldl -lX11  >&5
configure:12619: $? = 0
configure:12619: ./conftest
configure:12619: $? = 0
configure:12629: result: yes
configure:12653: checking for __argz_count
configure:12653: gcc -o conftest -g -O2   conftest.c -lrt -lm -ldl -lX11  >&5
configure:12653: $? = 0
configure:12653: result: yes
configure:12653: checking for __argz_next
configure:12653: gcc -o conftest -g -O2   conftest.c -lrt -lm -ldl -lX11  >&5
configure:12653: $? = 0
configure:12653: result: yes
configure:12653: checking for __argz_stringify
configure:12653: gcc -o conftest -g -O2   conftest.c -lrt -lm -ldl -lX11  >&5
configure:12653: $? = 0
configure:12653: result: yes
configure:12653: checking for atexit
configure:12653: gcc -o conftest -g -O2   conftest.c -lrt -lm -ldl -lX11  >&5
configure:12653: $? = 0
configure:12653: result: yes
configure:12653: checking for clock_gettime
configure:12653: gcc -o conftest -g -O2   conftest.c -lrt -lm -ldl -lX11  >&5
configure:12653: $? = 0
configure:12653: result: yes
configure:12653: checking for floor
configure:12653: gcc -o conftest -g -O2   conftest.c -lrt -lm -ldl -lX11  >&5
conftest.c:165:6: warning: conflicting types for built-in function 'floor' [enabled by default]
 char floor ();
      ^
configure:12653: $? = 0
configure:12653: result: yes
configure:12653: checking for getcwd
configure:12653: result: yes
configure:12653: checking for localeconv
configure:12653: gcc -o conftest -g -O2   conftest.c -lrt -lm -ldl -lX11  >&5
configure:12653: $? = 0
configure:12653: result: yes
configure:12653: checking for mblen
configure:12653: gcc -o conftest -g -O2   conftest.c -lrt -lm -ldl -lX11  >&5
configure:12653: $? = 0
configure:12653: result: yes
configure:12653: checking for mbrlen
configure:12653: gcc -o conftest -g -O2   conftest.c -lrt -lm -ldl -lX11  >&5
configure:12653: $? = 0
configure:12653: result: yes
configure:12653: checking for memchr
configure:12653: gcc -o conftest -g -O2   conftest.c -lrt -lm -ldl -lX11  >&5
conftest.c:170:6: warning: conflicting types for built-in function 'memchr' [enabled by default]
 char memchr ();
      ^
configure:12653: $? = 0
configure:12653: result: yes
configure:12653: checking for mempcpy
configure:12653: result: yes
configure:12653: checking for memset
configure:12653: gcc -o conftest -g -O2   conftest.c -lrt -lm -ldl -lX11  >&5
conftest.c:172:6: warning: conflicting types for built-in function 'memset' [enabled by default]
 char memset ();
      ^
configure:12653: $? = 0
configure:12653: result: yes
configure:12653: checking for munmap
configure:12653: result: yes
configure:12653: checking for nl_langinfo
configure:12653: gcc -o conftest -g -O2   conftest.c -lrt -lm -ldl -lX11  >&5
configure:12653: $? = 0
configure:12653: result: yes
configure:12653: checking for setlocale
configure:12653: result: yes
configure:12653: checking for socket
configure:12653: gcc -o conftest -g -O2   conftest.c -lrt -lm -ldl -lX11  >&5
configure:12653: $? = 0
configure:12653: result: yes
configure:12653: checking for sqrt
configure:12653: gcc -o conftest -g -O2   conftest.c -lrt -lm -ldl -lX11  >&5
conftest.c:177:6: warning: conflicting types for built-in function 'sqrt' [enabled by default]
 char sqrt ();
      ^
configure:12653: $? = 0
configure:12653: result: yes
configure:12653: checking for stpcpy
configure:12653: result: yes
configure:12653: checking for strcasecmp
configure:12653: result: yes
configure:12653: checking for strchr
configure:12653: gcc -o conftest -g -O2   conftest.c -lrt -lm -ldl -lX11  >&5
conftest.c:180:6: warning: conflicting types for built-in function 'strchr' [enabled by default]
 char strchr ();
      ^
configure:12653: $? = 0
configure:12653: result: yes
configure:12653: checking for strcspn
configure:12653: gcc -o conftest -g -O2   conftest.c -lrt -lm -ldl -lX11  >&5
conftest.c:181:6: warning: conflicting types for built-in function 'strcspn' [enabled by default]
 char strcspn ();
      ^
configure:12653: $? = 0
configure:12653: result: yes
configure:12653: checking for strdup
configure:12653: result: yes
configure:12653: checking for strstr
configure:12653: gcc -o conftest -g -O2   conftest.c -lrt -lm -ldl -lX11  >&5
conftest.c:183:6: warning: conflicting types for built-in function 'strstr' [enabled by default]
 char strstr ();
      ^
configure:12653: $? = 0
configure:12653: result: yes
configure:12653: checking for strtol
configure:12653: gcc -o conftest -g -O2   conftest.c -lrt -lm -ldl -lX11  >&5
configure:12653: $? = 0
configure:12653: result: yes
configure:12653: checking for strtoul
configure:12653: result: yes
configure:12774: checking that generated files are newer than configure
configure:12780: result: done
configure:12807: creating ./config.status

## ---------------------- ##
## Running config.status. ##
## ---------------------- ##

This file was extended by ags config.status 0.4.2, which was
generated by GNU Autoconf 2.69.  Invocation command line was

  CONFIG_FILES    = 
  CONFIG_HEADERS  = 
  CONFIG_LINKS    = 
  CONFIG_COMMANDS = 
  $ ./config.status 

on linux-opcl.site

config.status:1098: creating Makefile
config.status:1098: creating config.h
config.status:1327: executing depfiles commands
config.status:1327: executing po-directories commands

## ---------------- ##
## Cache variables. ##
## ---------------- ##

ac_cv_build=x86_64-unknown-linux-gnu
ac_cv_c_compiler_gnu=yes
ac_cv_c_inline=inline
ac_cv_c_uint16_t=yes
ac_cv_c_uint32_t=yes
ac_cv_c_uint8_t=yes
ac_cv_cxx_compiler_gnu=yes
ac_cv_env_CAIRO_CFLAGS_set=
ac_cv_env_CAIRO_CFLAGS_value=
ac_cv_env_CAIRO_LIBS_set=
ac_cv_env_CAIRO_LIBS_value=
ac_cv_env_CCC_set=
ac_cv_env_CCC_value=
ac_cv_env_CC_set=
ac_cv_env_CC_value=
ac_cv_env_CFLAGS_set=
ac_cv_env_CFLAGS_value=
ac_cv_env_CPPFLAGS_set=
ac_cv_env_CPPFLAGS_value=
ac_cv_env_CPP_set=
ac_cv_env_CPP_value=
ac_cv_env_CXXFLAGS_set=
ac_cv_env_CXXFLAGS_value=
ac_cv_env_CXX_set=
ac_cv_env_CXX_value=
ac_cv_env_GDKPIXBUF_CFLAGS_set=
ac_cv_env_GDKPIXBUF_CFLAGS_value=
ac_cv_env_GDKPIXBUF_LIBS_set=
ac_cv_env_GDKPIXBUF_LIBS_value=
ac_cv_env_GOBJECT_CFLAGS_set=
ac_cv_env_GOBJECT_CFLAGS_value=
ac_cv_env_GOBJECT_LIBS_set=
ac_cv_env_GOBJECT_LIBS_value=
ac_cv_env_GTK_CFLAGS_set=
ac_cv_env_GTK_CFLAGS_value=
ac_cv_env_GTK_LIBS_set=
ac_cv_env_GTK_LIBS_value=
ac_cv_env_LDFLAGS_set=
ac_cv_env_LDFLAGS_value=
ac_cv_env_LIBAO_CFLAGS_set=
ac_cv_env_LIBAO_CFLAGS_value=
ac_cv_env_LIBAO_LIBS_set=
ac_cv_env_LIBAO_LIBS_value=
ac_cv_env_LIBASOUND2_CFLAGS_set=
ac_cv_env_LIBASOUND2_CFLAGS_value=
ac_cv_env_LIBASOUND2_LIBS_set=
ac_cv_env_LIBASOUND2_LIBS_value=
ac_cv_env_LIBINSTPATCH_CFLAGS_set=
ac_cv_env_LIBINSTPATCH_CFLAGS_value=
ac_cv_env_LIBINSTPATCH_LIBS_set=
ac_cv_env_LIBINSTPATCH_LIBS_value=
ac_cv_env_LIBS_set=
ac_cv_env_LIBS_value=
ac_cv_env_LIBXML2_CFLAGS_set=
ac_cv_env_LIBXML2_CFLAGS_value=
ac_cv_env_LIBXML2_LIBS_set=
ac_cv_env_LIBXML2_LIBS_value=
ac_cv_env_PKG_CONFIG_LIBDIR_set=
ac_cv_env_PKG_CONFIG_LIBDIR_value=
ac_cv_env_PKG_CONFIG_PATH_set=
ac_cv_env_PKG_CONFIG_PATH_value=
ac_cv_env_PKG_CONFIG_set=
ac_cv_env_PKG_CONFIG_value=
ac_cv_env_SNDFILE_CFLAGS_set=
ac_cv_env_SNDFILE_CFLAGS_value=
ac_cv_env_SNDFILE_LIBS_set=
ac_cv_env_SNDFILE_LIBS_value=
ac_cv_env_UUID_CFLAGS_set=
ac_cv_env_UUID_CFLAGS_value=
ac_cv_env_UUID_LIBS_set=
ac_cv_env_UUID_LIBS_value=
ac_cv_env_XMKMF_set=
ac_cv_env_XMKMF_value=
ac_cv_env_YACC_set=
ac_cv_env_YACC_value=
ac_cv_env_YFLAGS_set=
ac_cv_env_YFLAGS_value=
ac_cv_env_build_alias_set=
ac_cv_env_build_alias_value=
ac_cv_env_host_alias_set=
ac_cv_env_host_alias_value=
ac_cv_env_target_alias_set=
ac_cv_env_target_alias_value=
ac_cv_func___argz_count=yes
ac_cv_func___argz_next=yes
ac_cv_func___argz_stringify=yes
ac_cv_func___fsetlocking=yes
ac_cv_func_alloca_works=yes
ac_cv_func_argz_count=yes
ac_cv_func_argz_next=yes
ac_cv_func_argz_stringify=yes
ac_cv_func_asprintf=yes
ac_cv_func_atexit=yes
ac_cv_func_clock_gettime=yes
ac_cv_func_floor=yes
ac_cv_func_fwprintf=yes
ac_cv_func_getcwd=yes
ac_cv_func_getegid=yes
ac_cv_func_geteuid=yes
ac_cv_func_getgid=yes
ac_cv_func_getpagesize=yes
ac_cv_func_getuid=yes
ac_cv_func_localeconv=yes
ac_cv_func_malloc_0_nonnull=yes
ac_cv_func_mblen=yes
ac_cv_func_mbrlen=yes
ac_cv_func_mbrtowc=yes
ac_cv_func_memchr=yes
ac_cv_func_mempcpy=yes
ac_cv_func_memset=yes
ac_cv_func_mmap_fixed_mapped=yes
ac_cv_func_munmap=yes
ac_cv_func_newlocale=yes
ac_cv_func_nl_langinfo=yes
ac_cv_func_putenv=yes
ac_cv_func_realloc_0_nonnull=yes
ac_cv_func_setenv=yes
ac_cv_func_setlocale=yes
ac_cv_func_snprintf=yes
ac_cv_func_socket=yes
ac_cv_func_sqrt=yes
ac_cv_func_stpcpy=yes
ac_cv_func_strcasecmp=yes
ac_cv_func_strchr=yes
ac_cv_func_strcspn=yes
ac_cv_func_strdup=yes
ac_cv_func_strnlen=yes
ac_cv_func_strstr=yes
ac_cv_func_strtol=yes
ac_cv_func_strtoul=yes
ac_cv_func_symlink=yes
ac_cv_func_tsearch=yes
ac_cv_func_uselocale=yes
ac_cv_func_wcrtomb=yes
ac_cv_func_wcslen=yes
ac_cv_func_wcsnlen=yes
ac_cv_gnu_library_2=yes
ac_cv_gnu_library_2_1=yes
ac_cv_have_decl__snprintf=no
ac_cv_have_decl__snwprintf=no
ac_cv_have_decl_feof_unlocked=yes
ac_cv_have_decl_fgets_unlocked=yes
ac_cv_have_decl_getc_unlocked=yes
ac_cv_have_x='have_x=yes	ac_x_includes='\'''\''	ac_x_libraries='\'''\'''
ac_cv_header_argz_h=yes
ac_cv_header_fcntl_h=yes
ac_cv_header_features_h=yes
ac_cv_header_float_h=yes
ac_cv_header_inttypes_h=yes
ac_cv_header_langinfo_h=yes
ac_cv_header_libintl_h=yes
ac_cv_header_limits_h=yes
ac_cv_header_locale_h=yes
ac_cv_header_malloc_h=yes
ac_cv_header_memory_h=yes
ac_cv_header_minix_config_h=no
ac_cv_header_netinet_in_h=yes
ac_cv_header_pthread_h=yes
ac_cv_header_stdbool_h=yes
ac_cv_header_stdc=yes
ac_cv_header_stddef_h=yes
ac_cv_header_stdint_h=yes
ac_cv_header_stdio_ext_h=yes
ac_cv_header_stdlib_h=yes
ac_cv_header_string_h=yes
ac_cv_header_strings_h=yes
ac_cv_header_sys_ioctl_h=yes
ac_cv_header_sys_param_h=yes
ac_cv_header_sys_socket_h=yes
ac_cv_header_sys_stat_h=yes
ac_cv_header_sys_time_h=yes
ac_cv_header_sys_types_h=yes
ac_cv_header_unistd_h=yes
ac_cv_host=x86_64-unknown-linux-gnu
ac_cv_lib_X11_main=yes
ac_cv_lib_dl_main=yes
ac_cv_lib_m_main=yes
ac_cv_lib_pthread_pthread_kill=yes
ac_cv_lib_rt_main=yes
ac_cv_objext=o
ac_cv_path_EGREP='/usr/bin/grep -E'
ac_cv_path_GMSGFMT=/usr/bin/msgfmt
ac_cv_path_GREP=/usr/bin/grep
ac_cv_path_MSGFMT=/usr/bin/msgfmt
ac_cv_path_MSGMERGE=/usr/bin/msgmerge
ac_cv_path_SED=/usr/bin/sed
ac_cv_path_XGETTEXT=/usr/bin/xgettext
ac_cv_path_ac_pt_PKG_CONFIG=/usr/bin/pkg-config
ac_cv_path_install='/usr/bin/install -c'
ac_cv_path_mkdir=/usr/bin/mkdir
ac_cv_prog_AWK=gawk
ac_cv_prog_CPP='gcc -E'
ac_cv_prog_ac_ct_CC=gcc
ac_cv_prog_ac_ct_CXX=g++
ac_cv_prog_ac_ct_RANLIB=ranlib
ac_cv_prog_cc_c89=
ac_cv_prog_cc_g=yes
ac_cv_prog_cxx_g=yes
ac_cv_prog_make_make_set=yes
ac_cv_safe_to_define___extensions__=yes
ac_cv_type__Bool=yes
ac_cv_type_long_long_int=yes
ac_cv_type_pid_t=yes
ac_cv_type_pthread_rwlock_t=yes
ac_cv_type_ptrdiff_t=yes
ac_cv_type_size_t=yes
ac_cv_type_uid_t=yes
ac_cv_type_unsigned_long_long_int=yes
ac_cv_working_alloca_h=yes
acl_cv_hardcode_direct=no
acl_cv_hardcode_libdir_flag_spec='${wl}-rpath ${wl}$libdir'
acl_cv_hardcode_libdir_separator=
acl_cv_hardcode_minus_L=no
acl_cv_libext=a
acl_cv_libname_spec='lib$name'
acl_cv_library_names_spec='$libname$shrext'
acl_cv_path_LD=/usr/x86_64-suse-linux/bin/ld
acl_cv_prog_gnu_ld=yes
acl_cv_rpath=done
acl_cv_shlibext=so
acl_cv_wl=-Wl,
am_cv_CC_dependencies_compiler_type=gcc3
am_cv_CXX_dependencies_compiler_type=gcc3
am_cv_func_iconv=yes
am_cv_func_iconv_works=yes
am_cv_langinfo_codeset=yes
am_cv_lib_iconv=no
am_cv_make_support_nested_variables=yes
am_cv_prog_cc_c_o=yes
am_cv_proto_iconv='extern size_t iconv (iconv_t cd, char * *inbuf, size_t *inbytesleft, char * *outbuf, size_t *outbytesleft);'
am_cv_proto_iconv_arg1=
gl_cv_cc_vis_werror=yes
gl_cv_cc_visibility=yes
gl_cv_have_weak=yes
gl_cv_header_inttypes_h=yes
gl_cv_header_stdint_h=yes
gl_cv_header_working_fcntl_h=yes
gl_cv_size_max=yes
gt_cv_c_intmax_t=yes
gt_cv_c_wchar_t=yes
gt_cv_c_wint_t=yes
gt_cv_func_CFLocaleCopyCurrent=no
gt_cv_func_CFPreferencesCopyAppValue=no
gt_cv_func_gnugettext1_libc=yes
gt_cv_func_printf_posix=yes
gt_cv_int_divbyzero_sigfpe=yes
gt_cv_inttypes_pri_broken=no
gt_cv_val_LC_MESSAGES=yes
nls_cv_force_use_gnu_gettext=no
nls_cv_header_intl=
nls_cv_header_libgt=
nls_cv_use_gnu_gettext=no
pkg_cv_CAIRO_CFLAGS='-I/usr/include/cairo -I/usr/include/glib-2.0 -I/usr/lib64/glib-2.0/include -I/usr/include/pixman-1 -I/usr/include/freetype2 -I/usr/include/libdrm -I/usr/include/libpng16 '
pkg_cv_CAIRO_LIBS='-lcairo '
pkg_cv_GDKPIXBUF_CFLAGS='-pthread -I/usr/include/gdk-pixbuf-2.0 -I/usr/include/libpng16 -I/usr/include/glib-2.0 -I/usr/lib64/glib-2.0/include '
pkg_cv_GDKPIXBUF_LIBS='-lgdk_pixbuf-2.0 -lgobject-2.0 -lglib-2.0 '
pkg_cv_GOBJECT_CFLAGS='-pthread -I/usr/include/glib-2.0 -I/usr/lib64/glib-2.0/include '
pkg_cv_GOBJECT_LIBS='-lgobject-2.0 -Wl,--export-dynamic -lgmodule-2.0 -pthread -lgthread-2.0 -pthread -lglib-2.0 '
pkg_cv_GTK_CFLAGS='-pthread -I/usr/include/gtk-2.0 -I/usr/lib64/gtk-2.0/include -I/usr/include/pango-1.0 -I/usr/include/atk-1.0 -I/usr/include/cairo -I/usr/include/pixman-1 -I/usr/include/libdrm -I/usr/include/libpng16 -I/usr/include/gdk-pixbuf-2.0 -I/usr/include/libpng16 -I/usr/include/pango-1.0 -I/usr/include/harfbuzz -I/usr/include/pango-1.0 -I/usr/include/glib-2.0 -I/usr/lib64/glib-2.0/include -I/usr/include/freetype2 '
pkg_cv_GTK_LIBS='-lgtk-x11-2.0 -lgdk-x11-2.0 -lpangocairo-1.0 -latk-1.0 -lcairo -lgdk_pixbuf-2.0 -lgio-2.0 -lpangoft2-1.0 -lpango-1.0 -lgobject-2.0 -lglib-2.0 -lfontconfig -lfreetype '
pkg_cv_LIBAO_CFLAGS=
pkg_cv_LIBAO_LIBS='-lao '
pkg_cv_LIBASOUND2_CFLAGS='-I/usr/include/alsa '
pkg_cv_LIBASOUND2_LIBS='-lasound '
pkg_cv_LIBINSTPATCH_CFLAGS='-I/usr/include/libinstpatch-1.0 -I/usr/include/glib-2.0 -I/usr/lib64/glib-2.0/include '
pkg_cv_LIBINSTPATCH_LIBS='-linstpatch-1.0 -lm -lgobject-2.0 -lglib-2.0 -lsndfile '
pkg_cv_LIBXML2_CFLAGS='-I/usr/include/libxml2 '
pkg_cv_LIBXML2_LIBS='-lxml2 '
pkg_cv_SNDFILE_CFLAGS=
pkg_cv_SNDFILE_LIBS='-lsndfile '
pkg_cv_UUID_CFLAGS='-I/usr/include/uuid '
pkg_cv_UUID_LIBS='-luuid '

## ----------------- ##
## Output variables. ##
## ----------------- ##

ACLOCAL='aclocal-1.14'
ALLOCA=''
AMDEPBACKSLASH='\'
AMDEP_FALSE='#'
AMDEP_TRUE=''
AMTAR='$${TAR-tar}'
AM_BACKSLASH='\'
AM_DEFAULT_V='$(AM_DEFAULT_VERBOSITY)'
AM_DEFAULT_VERBOSITY='1'
AM_V='$(V)'
AUTOCONF='autoconf'
AUTOHEADER='autoheader'
AUTOMAKE='automake-1.14'
AWK='gawk'
BUILD_INCLUDED_LIBINTL='no'
CAIRO_CFLAGS='-I/usr/include/cairo -I/usr/include/glib-2.0 -I/usr/lib64/glib-2.0/include -I/usr/include/pixman-1 -I/usr/include/freetype2 -I/usr/include/libdrm -I/usr/include/libpng16 '
CAIRO_LIBS='-lcairo '
CATOBJEXT='.gmo'
CC='gcc'
CCDEPMODE='depmode=gcc3'
CFLAGS='-g -O2'
CFLAG_VISIBILITY='-fvisibility=hidden'
CPP='gcc -E'
CPPFLAGS=''
CXX='g++'
CXXDEPMODE='depmode=gcc3'
CXXFLAGS='-g -O2'
CYGPATH_W='echo'
DATADIRNAME='share'
DEFS='-DHAVE_CONFIG_H'
DEPDIR='.deps'
ECHO_C=''
ECHO_N='-n'
ECHO_T=''
EGREP='/usr/bin/grep -E'
EXEEXT=''
GDKPIXBUF_CFLAGS='-pthread -I/usr/include/gdk-pixbuf-2.0 -I/usr/include/libpng16 -I/usr/include/glib-2.0 -I/usr/lib64/glib-2.0/include '
GDKPIXBUF_LIBS='-lgdk_pixbuf-2.0 -lgobject-2.0 -lglib-2.0 '
GENCAT='gencat'
GETTEXT_MACRO_VERSION='0.18'
GLIBC21='yes'
GLIBC2='yes'
GMSGFMT='/usr/bin/msgfmt'
GMSGFMT_015='/usr/bin/msgfmt'
GOBJECT_CFLAGS='-pthread -I/usr/include/glib-2.0 -I/usr/lib64/glib-2.0/include '
GOBJECT_LIBS='-lgobject-2.0 -Wl,--export-dynamic -lgmodule-2.0 -pthread -lgthread-2.0 -pthread -lglib-2.0 '
GREP='/usr/bin/grep'
GTK_CFLAGS='-pthread -I/usr/include/gtk-2.0 -I/usr/lib64/gtk-2.0/include -I/usr/include/pango-1.0 -I/usr/include/atk-1.0 -I/usr/include/cairo -I/usr/include/pixman-1 -I/usr/include/libdrm -I/usr/include/libpng16 -I/usr/include/gdk-pixbuf-2.0 -I/usr/include/libpng16 -I/usr/include/pango-1.0 -I/usr/include/harfbuzz -I/usr/include/pango-1.0 -I/usr/include/glib-2.0 -I/usr/lib64/glib-2.0/include -I/usr/include/freetype2 '
GTK_LIBS='-lgtk-x11-2.0 -lgdk-x11-2.0 -lpangocairo-1.0 -latk-1.0 -lcairo -lgdk_pixbuf-2.0 -lgio-2.0 -lpangoft2-1.0 -lpango-1.0 -lgobject-2.0 -lglib-2.0 -lfontconfig -lfreetype '
HAVE_ASPRINTF='1'
HAVE_NEWLOCALE='1'
HAVE_POSIX_PRINTF='1'
HAVE_SNPRINTF='1'
HAVE_VISIBILITY='1'
HAVE_WPRINTF='0'
INSTALL_DATA='${INSTALL} -m 644'
INSTALL_PROGRAM='${INSTALL}'
INSTALL_SCRIPT='${INSTALL}'
INSTALL_STRIP_PROGRAM='$(install_sh) -c -s'
INSTOBJEXT='.mo'
INTLBISON=':'
INTLLIBS=''
INTLOBJS=''
INTL_DEFAULT_VERBOSITY='1'
INTL_LIBTOOL_SUFFIX_PREFIX=''
INTL_MACOSX_LIBS=''
LDFLAGS=''
LIBAO_CFLAGS=''
LIBAO_LIBS='-lao '
LIBASOUND2_CFLAGS='-I/usr/include/alsa '
LIBASOUND2_LIBS='-lasound '
LIBICONV=''
LIBINSTPATCH_CFLAGS='-I/usr/include/libinstpatch-1.0 -I/usr/include/glib-2.0 -I/usr/lib64/glib-2.0/include '
LIBINSTPATCH_LIBS='-linstpatch-1.0 -lm -lgobject-2.0 -lglib-2.0 -lsndfile '
LIBINTL=''
LIBMULTITHREAD='-lpthread'
LIBOBJS=''
LIBPTH=''
LIBPTH_PREFIX=''
LIBS='-lrt -lm -ldl -lX11 '
LIBTHREAD=''
LIBXML2_CFLAGS='-I/usr/include/libxml2 '
LIBXML2_LIBS='-lxml2 '
LN_S='ln -s'
LTLIBC='-lc'
LTLIBICONV=''
LTLIBINTL=''
LTLIBMULTITHREAD='-lpthread'
LTLIBOBJS=''
LTLIBPTH=''
LTLIBTHREAD=''
MAKEINFO='makeinfo'
MKDIR_P='/usr/bin/mkdir -p'
MSGFMT='/usr/bin/msgfmt'
MSGFMT_015='/usr/bin/msgfmt'
MSGMERGE='/usr/bin/msgmerge'
OBJEXT='o'
PACKAGE='ags'
PACKAGE_BUGREPORT='weedlight@gmail.com'
PACKAGE_NAME='ags'
PACKAGE_STRING='ags 0.4.2'
PACKAGE_TARNAME='ags'
PACKAGE_URL=''
PACKAGE_VERSION='0.4.2'
PATH_SEPARATOR=':'
PKG_CONFIG='/usr/bin/pkg-config'
PKG_CONFIG_LIBDIR=''
PKG_CONFIG_PATH=''
POSUB='po'
PRI_MACROS_BROKEN='0'
RANLIB='ranlib'
SED='/usr/bin/sed'
SET_MAKE=''
SHELL='/bin/sh'
SNDFILE_CFLAGS=''
SNDFILE_LIBS='-lsndfile '
STRIP=''
USE_INCLUDED_LIBINTL='no'
USE_NLS='yes'
UUID_CFLAGS='-I/usr/include/uuid '
UUID_LIBS='-luuid '
VERSION='0.4.2'
WINDRES=''
WOE32='no'
WOE32DLL='no'
XGETTEXT='/usr/bin/xgettext'
XGETTEXT_015='/usr/bin/xgettext'
XGETTEXT_EXTRA_OPTIONS=''
XMKMF=''
YACC='yacc'
YFLAGS=''
ac_ct_CC='gcc'
ac_ct_CXX='g++'
am__EXEEXT_FALSE=''
am__EXEEXT_TRUE='#'
am__fastdepCC_FALSE='#'
am__fastdepCC_TRUE=''
am__fastdepCXX_FALSE='#'
am__fastdepCXX_TRUE=''
am__include='include'
am__isrc=''
am__leading_dot='.'
am__nodep='_no'
am__quote=''
am__tar='$${TAR-tar} chof - "$$tardir"'
am__untar='$${TAR-tar} xf -'
bindir='${exec_prefix}/bin'
build='x86_64-unknown-linux-gnu'
build_alias=''
build_cpu='x86_64'
build_os='linux-gnu'
build_vendor='unknown'
datadir='${datarootdir}'
datarootdir='${prefix}/share'
docdir='${datarootdir}/doc/${PACKAGE_TARNAME}'
dvidir='${docdir}'
exec_prefix='${prefix}'
host='x86_64-unknown-linux-gnu'
host_alias=''
host_cpu='x86_64'
host_os='linux-gnu'
host_vendor='unknown'
htmldir='${docdir}'
includedir='${prefix}/include'
infodir='${datarootdir}/info'
install_sh='${SHELL} /home/joelkraehemann/ags-0_4_2-20/install-sh'
libdir='${exec_prefix}/lib'
libexecdir='${exec_prefix}/libexec'
localedir='${datarootdir}/locale'
localstatedir='${prefix}/var'
mandir='${datarootdir}/man'
mkdir_p='$(MKDIR_P)'
oldincludedir='/usr/include'
pdfdir='${docdir}'
prefix='/usr/local'
program_transform_name='s,x,x,'
psdir='${docdir}'
sbindir='${exec_prefix}/sbin'
sharedstatedir='${prefix}/com'
sysconfdir='${prefix}/etc'
target_alias=''

## ----------- ##
## confdefs.h. ##
## ----------- ##

/* confdefs.h */
#define PACKAGE_NAME "ags"
#define PACKAGE_TARNAME "ags"
#define PACKAGE_VERSION "0.4.2"
#define PACKAGE_STRING "ags 0.4.2"
#define PACKAGE_BUGREPORT "weedlight@gmail.com"
#define PACKAGE_URL ""
#define PACKAGE "ags"
#define VERSION "0.4.2"
#define HAVE_LIBX11 1
#define HAVE_LIBDL 1
#define HAVE_LIBM 1
#define HAVE_LIBRT 1
#define STDC_HEADERS 1
#define HAVE_SYS_TYPES_H 1
#define HAVE_SYS_STAT_H 1
#define HAVE_STDLIB_H 1
#define HAVE_STRING_H 1
#define HAVE_MEMORY_H 1
#define HAVE_STRINGS_H 1
#define HAVE_INTTYPES_H 1
#define HAVE_STDINT_H 1
#define HAVE_UNISTD_H 1
#define HAVE_ALLOCA_H 1
#define HAVE_ALLOCA 1
#define HAVE_ARGZ_H 1
#define HAVE_FCNTL_H 1
#define HAVE_FLOAT_H 1
#define HAVE_INTTYPES_H 1
#define HAVE_LANGINFO_H 1
#define HAVE_LIBINTL_H 1
#define HAVE_LIMITS_H 1
#define HAVE_LOCALE_H 1
#define HAVE_MALLOC_H 1
#define HAVE_NETINET_IN_H 1
#define HAVE_STDDEF_H 1
#define HAVE_STDINT_H 1
#define HAVE_STDIO_EXT_H 1
#define HAVE_STDLIB_H 1
#define HAVE_STRING_H 1
#define HAVE_SYS_IOCTL_H 1
#define HAVE_SYS_PARAM_H 1
#define HAVE_SYS_SOCKET_H 1
#define HAVE_SYS_TIME_H 1
#define HAVE_UNISTD_H 1
#define HAVE__BOOL 1
#define HAVE_PTRDIFF_T 1
#define HAVE_VISIBILITY 1
#define HAVE_STDINT_H_WITH_UINTMAX 1
#define HAVE_STDLIB_H 1
#define HAVE_UNISTD_H 1
#define HAVE_SYS_PARAM_H 1
#define HAVE_GETPAGESIZE 1
#define HAVE_MMAP 1
#define INTDIV0_RAISES_SIGFPE 1
#define HAVE_INTTYPES_H_WITH_UINTMAX 1
#define HAVE_UNSIGNED_LONG_LONG_INT 1
#define HAVE_UINTMAX_T 1
#define HAVE_INTTYPES_H 1
#define __EXTENSIONS__ 1
#define _ALL_SOURCE 1
#define _GNU_SOURCE 1
#define _POSIX_PTHREAD_SEMANTICS 1
#define _TANDEM_SOURCE 1
#define USE_POSIX_THREADS 1
#define USE_POSIX_THREADS_WEAK 1
#define HAVE_PTHREAD_RWLOCK 1
#define HAVE_PTHREAD_MUTEX_RECURSIVE 1
#define HAVE_ICONV 1
#define ICONV_CONST 
#define HAVE_BUILTIN_EXPECT 1
#define HAVE_ARGZ_H 1
#define HAVE_INTTYPES_H 1
#define HAVE_LIMITS_H 1
#define HAVE_UNISTD_H 1
#define HAVE_SYS_PARAM_H 1
#define HAVE_GETCWD 1
#define HAVE_GETEGID 1
#define HAVE_GETEUID 1
#define HAVE_GETGID 1
#define HAVE_GETUID 1
#define HAVE_MEMPCPY 1
#define HAVE_MUNMAP 1
#define HAVE_STPCPY 1
#define HAVE_STRCASECMP 1
#define HAVE_STRDUP 1
#define HAVE_STRTOUL 1
#define HAVE_TSEARCH 1
#define HAVE_USELOCALE 1
#define HAVE_ARGZ_COUNT 1
#define HAVE_ARGZ_STRINGIFY 1
#define HAVE_ARGZ_NEXT 1
#define HAVE___FSETLOCKING 1
#define HAVE_DECL_FEOF_UNLOCKED 1
#define HAVE_DECL_FGETS_UNLOCKED 1
#define HAVE_LONG_LONG_INT 1
#define HAVE_WCHAR_T 1
#define HAVE_WINT_T 1
#define HAVE_INTMAX_T 1
#define HAVE_POSIX_PRINTF 1
#define HAVE_STDINT_H 1
#define HAVE_STDINT_H 1
#define HAVE_SYMLINK 1
#define HAVE_WORKING_O_NOATIME 1
#define HAVE_WORKING_O_NOFOLLOW 1
#define HAVE_FEATURES_H 1
#define HAVE_STDDEF_H 1
#define HAVE_STDLIB_H 1
#define HAVE_STRING_H 1
#define HAVE_ASPRINTF 1
#define HAVE_FWPRINTF 1
#define HAVE_NEWLOCALE 1
#define HAVE_PUTENV 1
#define HAVE_SETENV 1
#define HAVE_SETLOCALE 1
#define HAVE_SNPRINTF 1
#define HAVE_STRNLEN 1
#define HAVE_WCSLEN 1
#define HAVE_WCSNLEN 1
#define HAVE_MBRTOWC 1
#define HAVE_WCRTOMB 1
#define HAVE_DECL__SNPRINTF 0
#define HAVE_DECL__SNWPRINTF 0
#define HAVE_DECL_GETC_UNLOCKED 1
#define HAVE_LANGINFO_CODESET 1
#define HAVE_LC_MESSAGES 1
#define ENABLE_NLS 1
#define HAVE_GETTEXT 1
#define HAVE_DCGETTEXT 1
#define HAVE_STDLIB_H 1
#define HAVE_MALLOC 1
#define HAVE_GETPAGESIZE 1
#define HAVE_MMAP 1
#define HAVE_STDLIB_H 1
#define HAVE_REALLOC 1
#define HAVE___ARGZ_COUNT 1
#define HAVE___ARGZ_NEXT 1
#define HAVE___ARGZ_STRINGIFY 1
#define HAVE_ATEXIT 1
#define HAVE_CLOCK_GETTIME 1
#define HAVE_FLOOR 1
#define HAVE_GETCWD 1
#define HAVE_LOCALECONV 1
#define HAVE_MBLEN 1
#define HAVE_MBRLEN 1
#define HAVE_MEMCHR 1
#define HAVE_MEMPCPY 1
#define HAVE_MEMSET 1
#define HAVE_MUNMAP 1
#define HAVE_NL_LANGINFO 1
#define HAVE_SETLOCALE 1
#define HAVE_SOCKET 1
#define HAVE_SQRT 1
#define HAVE_STPCPY 1
#define HAVE_STRCASECMP 1
#define HAVE_STRCHR 1
#define HAVE_STRCSPN 1
#define HAVE_STRDUP 1
#define HAVE_STRSTR 1
#define HAVE_STRTOL 1
#define HAVE_STRTOUL 1

configure: exit 0
